=== Starting PA-CFL Evaluation Pipeline ===
Found 70 clients in dataset.
Loading data for CA_1_FOODS_1...
Loading data for CA_1_FOODS_2...
Loading data for CA_1_FOODS_3...
Loading data for CA_1_HOBBIES_1...
Loading data for CA_1_HOBBIES_2...
Loading data for CA_1_HOUSEHOLD_1...
Loading data for CA_1_HOUSEHOLD_2...
Loading data for CA_2_FOODS_1...
Loading data for CA_2_FOODS_2...
Loading data for CA_2_FOODS_3...
Loading data for CA_2_HOBBIES_1...
Loading data for CA_2_HOBBIES_2...
Loading data for CA_2_HOUSEHOLD_1...
Loading data for CA_2_HOUSEHOLD_2...
Loading data for CA_3_FOODS_1...
Loading data for CA_3_FOODS_2...
Loading data for CA_3_FOODS_3...
Loading data for CA_3_HOBBIES_1...
Loading data for CA_3_HOBBIES_2...
Loading data for CA_3_HOUSEHOLD_1...
Loading data for CA_3_HOUSEHOLD_2...
Loading data for CA_4_FOODS_1...
Loading data for CA_4_FOODS_2...
Loading data for CA_4_FOODS_3...
Loading data for CA_4_HOBBIES_1...
Loading data for CA_4_HOBBIES_2...
Loading data for CA_4_HOUSEHOLD_1...
Loading data for CA_4_HOUSEHOLD_2...
Loading data for TX_1_FOODS_1...
Loading data for TX_1_FOODS_2...
Loading data for TX_1_FOODS_3...
Loading data for TX_1_HOBBIES_1...
Loading data for TX_1_HOBBIES_2...
Loading data for TX_1_HOUSEHOLD_1...
Loading data for TX_1_HOUSEHOLD_2...
Loading data for TX_2_FOODS_1...
Loading data for TX_2_FOODS_2...
Loading data for TX_2_FOODS_3...
Loading data for TX_2_HOBBIES_1...
Loading data for TX_2_HOBBIES_2...
Loading data for TX_2_HOUSEHOLD_1...
Loading data for TX_2_HOUSEHOLD_2...
Loading data for TX_3_FOODS_1...
Loading data for TX_3_FOODS_2...
Loading data for TX_3_FOODS_3...
Loading data for TX_3_HOBBIES_1...
Loading data for TX_3_HOBBIES_2...
Loading data for TX_3_HOUSEHOLD_1...
Loading data for TX_3_HOUSEHOLD_2...
Loading data for WI_1_FOODS_1...
Loading data for WI_1_FOODS_2...
Loading data for WI_1_FOODS_3...
Loading data for WI_1_HOBBIES_1...
Loading data for WI_1_HOBBIES_2...
Loading data for WI_1_HOUSEHOLD_1...
Loading data for WI_1_HOUSEHOLD_2...
Loading data for WI_2_FOODS_1...
Loading data for WI_2_FOODS_2...
Loading data for WI_2_FOODS_3...
Loading data for WI_2_HOBBIES_1...
Loading data for WI_2_HOBBIES_2...
Loading data for WI_2_HOUSEHOLD_1...
Loading data for WI_2_HOUSEHOLD_2...
Loading data for WI_3_FOODS_1...
Loading data for WI_3_FOODS_2...
Loading data for WI_3_FOODS_3...
Loading data for WI_3_HOBBIES_1...
Loading data for WI_3_HOBBIES_2...
Loading data for WI_3_HOUSEHOLD_1...
Loading data for WI_3_HOUSEHOLD_2...


=== Strategy 1: Local Training ===

--- PA-CFL Step 4: Personalized Learning for Isolated Clients ---

[Personalized] Starting local training for client: CA_1_FOODS_1

[Personalized] Starting local training for client: CA_1_FOODS_2

[Personalized] Starting local training for client: CA_1_FOODS_3

[Personalized] Starting local training for client: CA_1_HOBBIES_1

[Personalized] Starting local training for client: CA_1_HOBBIES_2    -> Client CA_1_HOBBIES_1 metrics after 500 epochs: RMSE=40.2091, SMAPE=65.2648


[Personalized] Starting local training for client: CA_1_HOUSEHOLD_1    -> Client CA_1_FOODS_2 metrics after 500 epochs: RMSE=37.2212, SMAPE=52.5639


[Personalized] Starting local training for client: CA_1_HOUSEHOLD_2    -> Client CA_1_FOODS_3 metrics after 500 epochs: RMSE=68.3089, SMAPE=41.0861


[Personalized] Starting local training for client: CA_2_FOODS_1
    -> Client CA_1_FOODS_1 metrics after 500 epochs: RMSE=40.3559, SMAPE=43.7159

[Personalized] Starting local training for client: CA_2_FOODS_2
    -> Client CA_1_HOUSEHOLD_1 metrics after 500 epochs: RMSE=27.5534, SMAPE=50.6771

[Personalized] Starting local training for client: CA_2_FOODS_3    -> Client CA_1_HOBBIES_2 metrics after 500 epochs: RMSE=12.9769, SMAPE=114.7782


[Personalized] Starting local training for client: CA_2_HOBBIES_1    -> Client CA_1_HOUSEHOLD_2 metrics after 500 epochs: RMSE=6.9782, SMAPE=71.2526


[Personalized] Starting local training for client: CA_2_HOBBIES_2    -> Client CA_2_FOODS_1 metrics after 500 epochs: RMSE=57.4161, SMAPE=56.3549


[Personalized] Starting local training for client: CA_2_HOUSEHOLD_1    -> Client CA_2_FOODS_3 metrics after 500 epochs: RMSE=35.5472, SMAPE=39.6047


[Personalized] Starting local training for client: CA_2_HOUSEHOLD_2    -> Client CA_2_FOODS_2 metrics after 500 epochs: RMSE=18.3286, SMAPE=61.6698


[Personalized] Starting local training for client: CA_3_FOODS_1    -> Client CA_2_HOBBIES_1 metrics after 500 epochs: RMSE=26.4724, SMAPE=68.8051


[Personalized] Starting local training for client: CA_3_FOODS_2
    -> Client CA_2_HOBBIES_2 metrics after 500 epochs: RMSE=11.4644, SMAPE=95.8253

[Personalized] Starting local training for client: CA_3_FOODS_3    -> Client CA_2_HOUSEHOLD_1 metrics after 500 epochs: RMSE=30.9397, SMAPE=45.6889


[Personalized] Starting local training for client: CA_3_HOBBIES_1    -> Client CA_2_HOUSEHOLD_2 metrics after 500 epochs: RMSE=8.8340, SMAPE=56.8208


[Personalized] Starting local training for client: CA_3_HOBBIES_2    -> Client CA_3_FOODS_1 metrics after 500 epochs: RMSE=47.3454, SMAPE=55.3105


[Personalized] Starting local training for client: CA_3_HOUSEHOLD_1    -> Client CA_3_FOODS_3 metrics after 500 epochs: RMSE=139.1046, SMAPE=48.6492


[Personalized] Starting local training for client: CA_3_HOUSEHOLD_2
    -> Client CA_3_FOODS_2 metrics after 500 epochs: RMSE=58.6376, SMAPE=37.6108

[Personalized] Starting local training for client: CA_4_FOODS_1
    -> Client CA_3_HOBBIES_1 metrics after 500 epochs: RMSE=42.8059, SMAPE=59.9140

[Personalized] Starting local training for client: CA_4_FOODS_2    -> Client CA_3_HOBBIES_2 metrics after 500 epochs: RMSE=15.3092, SMAPE=116.4104


[Personalized] Starting local training for client: CA_4_FOODS_3    -> Client CA_3_HOUSEHOLD_1 metrics after 500 epochs: RMSE=60.0035, SMAPE=41.2309


[Personalized] Starting local training for client: CA_4_HOBBIES_1    -> Client CA_4_FOODS_1 metrics after 500 epochs: RMSE=27.2542, SMAPE=50.0348


[Personalized] Starting local training for client: CA_4_HOBBIES_2    -> Client CA_3_HOUSEHOLD_2 metrics after 500 epochs: RMSE=8.8627, SMAPE=47.7374


[Personalized] Starting local training for client: CA_4_HOUSEHOLD_1    -> Client CA_4_FOODS_2 metrics after 500 epochs: RMSE=18.7901, SMAPE=60.0152


[Personalized] Starting local training for client: CA_4_HOUSEHOLD_2    -> Client CA_4_FOODS_3 metrics after 500 epochs: RMSE=27.9245, SMAPE=38.4753


[Personalized] Starting local training for client: TX_1_FOODS_1    -> Client CA_4_HOBBIES_1 metrics after 500 epochs: RMSE=23.4919, SMAPE=54.6163


[Personalized] Starting local training for client: TX_1_FOODS_2
    -> Client CA_4_HOBBIES_2 metrics after 500 epochs: RMSE=6.6113, SMAPE=135.5804

[Personalized] Starting local training for client: TX_1_FOODS_3    -> Client CA_4_HOUSEHOLD_2 metrics after 500 epochs: RMSE=4.1834, SMAPE=57.5484


[Personalized] Starting local training for client: TX_1_HOBBIES_1    -> Client CA_4_HOUSEHOLD_1 metrics after 500 epochs: RMSE=9.1472, SMAPE=57.4012


[Personalized] Starting local training for client: TX_1_HOBBIES_2    -> Client TX_1_FOODS_1 metrics after 500 epochs: RMSE=35.0265, SMAPE=64.7756


[Personalized] Starting local training for client: TX_1_HOUSEHOLD_1    -> Client TX_1_FOODS_3 metrics after 500 epochs: RMSE=88.1223, SMAPE=48.4965


[Personalized] Starting local training for client: TX_1_HOUSEHOLD_2    -> Client TX_1_FOODS_2 metrics after 500 epochs: RMSE=34.4244, SMAPE=124.2771


[Personalized] Starting local training for client: TX_2_FOODS_1
    -> Client TX_1_HOBBIES_1 metrics after 500 epochs: RMSE=17.8660, SMAPE=76.8464

[Personalized] Starting local training for client: TX_2_FOODS_2    -> Client TX_1_HOBBIES_2 metrics after 500 epochs: RMSE=6.4688, SMAPE=125.7804


[Personalized] Starting local training for client: TX_2_FOODS_3    -> Client TX_1_HOUSEHOLD_1 metrics after 500 epochs: RMSE=40.8639, SMAPE=44.8385


[Personalized] Starting local training for client: TX_2_HOBBIES_1    -> Client TX_1_HOUSEHOLD_2 metrics after 500 epochs: RMSE=24.7415, SMAPE=66.2067


[Personalized] Starting local training for client: TX_2_HOBBIES_2    -> Client TX_2_FOODS_1 metrics after 500 epochs: RMSE=87.8326, SMAPE=52.3856


[Personalized] Starting local training for client: TX_2_HOUSEHOLD_1    -> Client TX_2_FOODS_2 metrics after 500 epochs: RMSE=33.0859, SMAPE=47.6693


[Personalized] Starting local training for client: TX_2_HOUSEHOLD_2    -> Client TX_2_FOODS_3 metrics after 500 epochs: RMSE=69.9857, SMAPE=34.0539


[Personalized] Starting local training for client: TX_3_FOODS_1    -> Client TX_2_HOUSEHOLD_1 metrics after 500 epochs: RMSE=78.8622, SMAPE=50.7619


[Personalized] Starting local training for client: TX_3_FOODS_2
    -> Client TX_2_HOBBIES_2 metrics after 500 epochs: RMSE=18.8934, SMAPE=109.3825

[Personalized] Starting local training for client: TX_3_FOODS_3    -> Client TX_2_HOBBIES_1 metrics after 500 epochs: RMSE=21.1592, SMAPE=71.5959


[Personalized] Starting local training for client: TX_3_HOBBIES_1    -> Client TX_2_HOUSEHOLD_2 metrics after 500 epochs: RMSE=6.9205, SMAPE=54.4219


[Personalized] Starting local training for client: TX_3_HOBBIES_2    -> Client TX_3_FOODS_1 metrics after 500 epochs: RMSE=42.7924, SMAPE=52.8539


[Personalized] Starting local training for client: TX_3_HOUSEHOLD_1    -> Client TX_3_FOODS_2 metrics after 500 epochs: RMSE=52.8357, SMAPE=50.0895


[Personalized] Starting local training for client: TX_3_HOUSEHOLD_2    -> Client TX_3_FOODS_3 metrics after 500 epochs: RMSE=46.7110, SMAPE=26.9657


[Personalized] Starting local training for client: WI_1_FOODS_1    -> Client TX_3_HOBBIES_1 metrics after 500 epochs: RMSE=26.6881, SMAPE=65.7811


[Personalized] Starting local training for client: WI_1_FOODS_2    -> Client TX_3_HOBBIES_2 metrics after 500 epochs: RMSE=14.5787, SMAPE=132.6059


[Personalized] Starting local training for client: WI_1_FOODS_3    -> Client TX_3_HOUSEHOLD_1 metrics after 500 epochs: RMSE=46.0825, SMAPE=45.8837


[Personalized] Starting local training for client: WI_1_HOBBIES_1    -> Client WI_1_FOODS_1 metrics after 500 epochs: RMSE=33.4168, SMAPE=67.9206


[Personalized] Starting local training for client: WI_1_HOBBIES_2    -> Client TX_3_HOUSEHOLD_2 metrics after 500 epochs: RMSE=6.4861, SMAPE=65.8887


[Personalized] Starting local training for client: WI_1_HOUSEHOLD_1    -> Client WI_1_FOODS_2 metrics after 500 epochs: RMSE=39.9854, SMAPE=71.7428


[Personalized] Starting local training for client: WI_1_HOUSEHOLD_2    -> Client WI_1_FOODS_3 metrics after 500 epochs: RMSE=37.1430, SMAPE=21.4527


[Personalized] Starting local training for client: WI_2_FOODS_1    -> Client WI_1_HOBBIES_1 metrics after 500 epochs: RMSE=22.5033, SMAPE=57.0233


[Personalized] Starting local training for client: WI_2_FOODS_2
    -> Client WI_1_HOUSEHOLD_1 metrics after 500 epochs: RMSE=23.5041, SMAPE=51.3397

[Personalized] Starting local training for client: WI_2_FOODS_3    -> Client WI_1_HOBBIES_2 metrics after 500 epochs: RMSE=6.9242, SMAPE=126.0447


[Personalized] Starting local training for client: WI_2_HOBBIES_1    -> Client WI_1_HOUSEHOLD_2 metrics after 500 epochs: RMSE=5.2316, SMAPE=56.7044


[Personalized] Starting local training for client: WI_2_HOBBIES_2    -> Client WI_2_FOODS_1 metrics after 500 epochs: RMSE=60.7682, SMAPE=73.8513


[Personalized] Starting local training for client: WI_2_HOUSEHOLD_1    -> Client WI_2_FOODS_2 metrics after 500 epochs: RMSE=41.8339, SMAPE=61.3747


[Personalized] Starting local training for client: WI_2_HOUSEHOLD_2
    -> Client WI_2_FOODS_3 metrics after 500 epochs: RMSE=108.5811, SMAPE=47.7729

[Personalized] Starting local training for client: WI_3_FOODS_1    -> Client WI_2_HOBBIES_2 metrics after 500 epochs: RMSE=7.9142, SMAPE=124.2033


[Personalized] Starting local training for client: WI_3_FOODS_2    -> Client WI_2_HOBBIES_1 metrics after 500 epochs: RMSE=20.2777, SMAPE=69.3776


[Personalized] Starting local training for client: WI_3_FOODS_3    -> Client WI_2_HOUSEHOLD_1 metrics after 500 epochs: RMSE=49.9256, SMAPE=41.0434


[Personalized] Starting local training for client: WI_3_HOBBIES_1    -> Client WI_3_FOODS_1 metrics after 500 epochs: RMSE=43.0951, SMAPE=68.3477


[Personalized] Starting local training for client: WI_3_HOBBIES_2
    -> Client WI_2_HOUSEHOLD_2 metrics after 500 epochs: RMSE=8.6803, SMAPE=58.5377

[Personalized] Starting local training for client: WI_3_HOUSEHOLD_1
    -> Client WI_3_FOODS_2 metrics after 500 epochs: RMSE=44.8369, SMAPE=69.6102

[Personalized] Starting local training for client: WI_3_HOUSEHOLD_2    -> Client WI_3_FOODS_3 metrics after 500 epochs: RMSE=44.7117, SMAPE=13.4056

    -> Client WI_3_HOBBIES_1 metrics after 500 epochs: RMSE=15.1809, SMAPE=68.1482
    -> Client WI_3_HOUSEHOLD_1 metrics after 500 epochs: RMSE=31.8966, SMAPE=45.8768
    -> Client WI_3_HOBBIES_2 metrics after 500 epochs: RMSE=7.3534, SMAPE=122.4110
    -> Client WI_3_HOUSEHOLD_2 metrics after 500 epochs: RMSE=6.0093, SMAPE=65.6822
[Local] RMSE: 33.9612, SMAPE: 64.7256


=== Strategy 2: Global FedAvg ===

--- PA-CFL Step 3: Federated Learning within Bubbles ---
[Shared Global] warmup_rounds=0, clients=['CA_1_FOODS_1', 'CA_1_FOODS_2', 'CA_1_FOODS_3', 'CA_1_HOBBIES_1', 'CA_1_HOBBIES_2', 'CA_1_HOUSEHOLD_1', 'CA_1_HOUSEHOLD_2', 'CA_2_FOODS_1', 'CA_2_FOODS_2', 'CA_2_FOODS_3', 'CA_2_HOBBIES_1', 'CA_2_HOBBIES_2', 'CA_2_HOUSEHOLD_1', 'CA_2_HOUSEHOLD_2', 'CA_3_FOODS_1', 'CA_3_FOODS_2', 'CA_3_FOODS_3', 'CA_3_HOBBIES_1', 'CA_3_HOBBIES_2', 'CA_3_HOUSEHOLD_1', 'CA_3_HOUSEHOLD_2', 'CA_4_FOODS_1', 'CA_4_FOODS_2', 'CA_4_FOODS_3', 'CA_4_HOBBIES_1', 'CA_4_HOBBIES_2', 'CA_4_HOUSEHOLD_1', 'CA_4_HOUSEHOLD_2', 'TX_1_FOODS_1', 'TX_1_FOODS_2', 'TX_1_FOODS_3', 'TX_1_HOBBIES_1', 'TX_1_HOBBIES_2', 'TX_1_HOUSEHOLD_1', 'TX_1_HOUSEHOLD_2', 'TX_2_FOODS_1', 'TX_2_FOODS_2', 'TX_2_FOODS_3', 'TX_2_HOBBIES_1', 'TX_2_HOBBIES_2', 'TX_2_HOUSEHOLD_1', 'TX_2_HOUSEHOLD_2', 'TX_3_FOODS_1', 'TX_3_FOODS_2', 'TX_3_FOODS_3', 'TX_3_HOBBIES_1', 'TX_3_HOBBIES_2', 'TX_3_HOUSEHOLD_1', 'TX_3_HOUSEHOLD_2', 'WI_1_FOODS_1', 'WI_1_FOODS_2', 'WI_1_FOODS_3', 'WI_1_HOBBIES_1', 'WI_1_HOBBIES_2', 'WI_1_HOUSEHOLD_1', 'WI_1_HOUSEHOLD_2', 'WI_2_FOODS_1', 'WI_2_FOODS_2', 'WI_2_FOODS_3', 'WI_2_HOBBIES_1', 'WI_2_HOBBIES_2', 'WI_2_HOUSEHOLD_1', 'WI_2_HOUSEHOLD_2', 'WI_3_FOODS_1', 'WI_3_FOODS_2', 'WI_3_FOODS_3', 'WI_3_HOBBIES_1', 'WI_3_HOBBIES_2', 'WI_3_HOUSEHOLD_1', 'WI_3_HOUSEHOLD_2']

[Bubble 0] Starting FL with clients: ['CA_1_FOODS_1', 'CA_1_FOODS_2', 'CA_1_FOODS_3', 'CA_1_HOBBIES_1', 'CA_1_HOBBIES_2', 'CA_1_HOUSEHOLD_1', 'CA_1_HOUSEHOLD_2', 'CA_2_FOODS_1', 'CA_2_FOODS_2', 'CA_2_FOODS_3', 'CA_2_HOBBIES_1', 'CA_2_HOBBIES_2', 'CA_2_HOUSEHOLD_1', 'CA_2_HOUSEHOLD_2', 'CA_3_FOODS_1', 'CA_3_FOODS_2', 'CA_3_FOODS_3', 'CA_3_HOBBIES_1', 'CA_3_HOBBIES_2', 'CA_3_HOUSEHOLD_1', 'CA_3_HOUSEHOLD_2', 'CA_4_FOODS_1', 'CA_4_FOODS_2', 'CA_4_FOODS_3', 'CA_4_HOBBIES_1', 'CA_4_HOBBIES_2', 'CA_4_HOUSEHOLD_1', 'CA_4_HOUSEHOLD_2', 'TX_1_FOODS_1', 'TX_1_FOODS_2', 'TX_1_FOODS_3', 'TX_1_HOBBIES_1', 'TX_1_HOBBIES_2', 'TX_1_HOUSEHOLD_1', 'TX_1_HOUSEHOLD_2', 'TX_2_FOODS_1', 'TX_2_FOODS_2', 'TX_2_FOODS_3', 'TX_2_HOBBIES_1', 'TX_2_HOBBIES_2', 'TX_2_HOUSEHOLD_1', 'TX_2_HOUSEHOLD_2', 'TX_3_FOODS_1', 'TX_3_FOODS_2', 'TX_3_FOODS_3', 'TX_3_HOBBIES_1', 'TX_3_HOBBIES_2', 'TX_3_HOUSEHOLD_1', 'TX_3_HOUSEHOLD_2', 'WI_1_FOODS_1', 'WI_1_FOODS_2', 'WI_1_FOODS_3', 'WI_1_HOBBIES_1', 'WI_1_HOBBIES_2', 'WI_1_HOUSEHOLD_1', 'WI_1_HOUSEHOLD_2', 'WI_2_FOODS_1', 'WI_2_FOODS_2', 'WI_2_FOODS_3', 'WI_2_HOBBIES_1', 'WI_2_HOBBIES_2', 'WI_2_HOUSEHOLD_1', 'WI_2_HOUSEHOLD_2', 'WI_3_FOODS_1', 'WI_3_FOODS_2', 'WI_3_FOODS_3', 'WI_3_HOBBIES_1', 'WI_3_HOBBIES_2', 'WI_3_HOUSEHOLD_1', 'WI_3_HOUSEHOLD_2']
  Round 1/100
    -> Bubble 0 Global metrics: RMSE=31.0530, SMAPE=57.0385
  Round 2/100
    -> Bubble 0 Global metrics: RMSE=30.0492, SMAPE=56.8452
  Round 3/100
    -> Bubble 0 Global metrics: RMSE=29.8553, SMAPE=56.9263
  Round 4/100
    -> Bubble 0 Global metrics: RMSE=29.8110, SMAPE=56.9633
  Round 5/100
    -> Bubble 0 Global metrics: RMSE=29.7744, SMAPE=56.9643
  Round 6/100
    -> Bubble 0 Global metrics: RMSE=29.7377, SMAPE=56.9477
  Round 7/100
    -> Bubble 0 Global metrics: RMSE=29.7066, SMAPE=56.9077
  Round 8/100
    -> Bubble 0 Global metrics: RMSE=29.6956, SMAPE=56.8751
  Round 9/100
    -> Bubble 0 Global metrics: RMSE=29.6613, SMAPE=56.8549
  Round 10/100
    -> Bubble 0 Global metrics: RMSE=29.6232, SMAPE=56.8189
  Round 11/100
    -> Bubble 0 Global metrics: RMSE=29.5712, SMAPE=56.8022
  Round 12/100
    -> Bubble 0 Global metrics: RMSE=29.5254, SMAPE=56.7693
  Round 13/100
    -> Bubble 0 Global metrics: RMSE=29.4979, SMAPE=56.7470
  Round 14/100
    -> Bubble 0 Global metrics: RMSE=29.4965, SMAPE=56.7133
  Round 15/100
    -> Bubble 0 Global metrics: RMSE=29.4866, SMAPE=56.6676
  Round 16/100
    -> Bubble 0 Global metrics: RMSE=29.4261, SMAPE=56.6719
  Round 17/100
    -> Bubble 0 Global metrics: RMSE=29.4195, SMAPE=56.6435
  Round 18/100
    -> Bubble 0 Global metrics: RMSE=29.4063, SMAPE=56.6238
  Round 19/100
    -> Bubble 0 Global metrics: RMSE=29.3992, SMAPE=56.5951
  Round 20/100
    -> Bubble 0 Global metrics: RMSE=29.3858, SMAPE=56.5779
  Round 21/100
    -> Bubble 0 Global metrics: RMSE=29.3866, SMAPE=56.5783
  Round 22/100
    -> Bubble 0 Global metrics: RMSE=29.3780, SMAPE=56.5787
  Round 23/100
    -> Bubble 0 Global metrics: RMSE=29.3690, SMAPE=56.5691
  Round 24/100
    -> Bubble 0 Global metrics: RMSE=29.3556, SMAPE=56.5663
  Round 25/100
    -> Bubble 0 Global metrics: RMSE=29.3563, SMAPE=56.5605
  Round 26/100
    -> Bubble 0 Global metrics: RMSE=29.3736, SMAPE=56.5585
  Round 27/100
    -> Bubble 0 Global metrics: RMSE=29.3976, SMAPE=56.5386
  Round 28/100
    -> Bubble 0 Global metrics: RMSE=29.3989, SMAPE=56.5477
  Round 29/100
    -> Bubble 0 Global metrics: RMSE=29.4008, SMAPE=56.5476
  Round 30/100
    -> Bubble 0 Global metrics: RMSE=29.4162, SMAPE=56.5414
  Round 31/100
    -> Bubble 0 Global metrics: RMSE=29.4259, SMAPE=56.5433
  Round 32/100
    -> Bubble 0 Global metrics: RMSE=29.4280, SMAPE=56.5440
  Round 33/100
    -> Bubble 0 Global metrics: RMSE=29.4190, SMAPE=56.5559
  Round 34/100
    -> Bubble 0 Global metrics: RMSE=29.4242, SMAPE=56.5539
  Round 35/100
    -> Bubble 0 Global metrics: RMSE=29.4225, SMAPE=56.5522
  Round 36/100
    -> Bubble 0 Global metrics: RMSE=29.4428, SMAPE=56.5641
  Round 37/100
    -> Bubble 0 Global metrics: RMSE=29.4325, SMAPE=56.5792
  Round 38/100
    -> Bubble 0 Global metrics: RMSE=29.4446, SMAPE=56.5927
  Round 39/100
    -> Bubble 0 Global metrics: RMSE=29.4510, SMAPE=56.5933
  Round 40/100
    -> Bubble 0 Global metrics: RMSE=29.4525, SMAPE=56.5925
  Round 41/100
    -> Bubble 0 Global metrics: RMSE=29.4427, SMAPE=56.5785
  Round 42/100
    -> Bubble 0 Global metrics: RMSE=29.4774, SMAPE=56.6260
  Round 43/100
    -> Bubble 0 Global metrics: RMSE=29.4867, SMAPE=56.6065
  Round 44/100
    -> Bubble 0 Global metrics: RMSE=29.4763, SMAPE=56.6087
  Round 45/100
    -> Bubble 0 Global metrics: RMSE=29.4941, SMAPE=56.6092
  Round 46/100
    -> Bubble 0 Global metrics: RMSE=29.4968, SMAPE=56.6248
  Round 47/100
    -> Bubble 0 Global metrics: RMSE=29.4968, SMAPE=56.6534
  Round 48/100
    -> Bubble 0 Global metrics: RMSE=29.4944, SMAPE=56.6263
  Round 49/100
    -> Bubble 0 Global metrics: RMSE=29.5126, SMAPE=56.7061
  Round 50/100
    -> Bubble 0 Global metrics: RMSE=29.5036, SMAPE=56.6761
  Round 51/100
    -> Bubble 0 Global metrics: RMSE=29.5063, SMAPE=56.7586
  Round 52/100
    -> Bubble 0 Global metrics: RMSE=29.5060, SMAPE=56.6385
  Round 53/100
    -> Bubble 0 Global metrics: RMSE=29.4922, SMAPE=56.6866
  Round 54/100
    -> Bubble 0 Global metrics: RMSE=29.4920, SMAPE=56.7005
  Round 55/100
    -> Bubble 0 Global metrics: RMSE=29.5065, SMAPE=56.7266
  Round 56/100
    -> Bubble 0 Global metrics: RMSE=29.5112, SMAPE=56.6794
  Round 57/100
    -> Bubble 0 Global metrics: RMSE=29.5032, SMAPE=56.6906
  Round 58/100
    -> Bubble 0 Global metrics: RMSE=29.4978, SMAPE=56.7307
  Round 59/100
    -> Bubble 0 Global metrics: RMSE=29.5161, SMAPE=56.7322
  Round 60/100
    -> Bubble 0 Global metrics: RMSE=29.5029, SMAPE=56.7029
  Round 61/100
    -> Bubble 0 Global metrics: RMSE=29.5074, SMAPE=56.7169
  Round 62/100
    -> Bubble 0 Global metrics: RMSE=29.5010, SMAPE=56.7000
  Round 63/100
    -> Bubble 0 Global metrics: RMSE=29.5010, SMAPE=56.7662
  Round 64/100
    -> Bubble 0 Global metrics: RMSE=29.4987, SMAPE=56.7556
  Round 65/100
    -> Bubble 0 Global metrics: RMSE=29.5114, SMAPE=56.7976
  Round 66/100
    -> Bubble 0 Global metrics: RMSE=29.5076, SMAPE=56.7747
  Round 67/100
    -> Bubble 0 Global metrics: RMSE=29.5137, SMAPE=56.7714
  Round 68/100
    -> Bubble 0 Global metrics: RMSE=29.5169, SMAPE=56.7903
  Round 69/100
    -> Bubble 0 Global metrics: RMSE=29.5111, SMAPE=56.7667
  Round 70/100
    -> Bubble 0 Global metrics: RMSE=29.5067, SMAPE=56.7590
  Round 71/100
    -> Bubble 0 Global metrics: RMSE=29.5028, SMAPE=56.8065
  Round 72/100
    -> Bubble 0 Global metrics: RMSE=29.5111, SMAPE=56.7682
  Round 73/100
    -> Bubble 0 Global metrics: RMSE=29.5200, SMAPE=56.7832
  Round 74/100
    -> Bubble 0 Global metrics: RMSE=29.5248, SMAPE=56.7619
  Round 75/100
    -> Bubble 0 Global metrics: RMSE=29.5225, SMAPE=56.7807
  Round 76/100
    -> Bubble 0 Global metrics: RMSE=29.5316, SMAPE=56.8015
  Round 77/100
    -> Bubble 0 Global metrics: RMSE=29.5437, SMAPE=56.7893
  Round 78/100
    -> Bubble 0 Global metrics: RMSE=29.5396, SMAPE=56.7887
  Round 79/100
    -> Bubble 0 Global metrics: RMSE=29.5310, SMAPE=56.8217
  Round 80/100
    -> Bubble 0 Global metrics: RMSE=29.5290, SMAPE=56.7935
  Round 81/100
    -> Bubble 0 Global metrics: RMSE=29.5295, SMAPE=56.8002
  Round 82/100
    -> Bubble 0 Global metrics: RMSE=29.5286, SMAPE=56.7924
  Round 83/100
    -> Bubble 0 Global metrics: RMSE=29.5376, SMAPE=56.8270
  Round 84/100
    -> Bubble 0 Global metrics: RMSE=29.5347, SMAPE=56.7947
  Round 85/100
    -> Bubble 0 Global metrics: RMSE=29.5514, SMAPE=56.7792
  Round 86/100
    -> Bubble 0 Global metrics: RMSE=29.5420, SMAPE=56.8261
  Round 87/100
    -> Bubble 0 Global metrics: RMSE=29.5662, SMAPE=56.8667
  Round 88/100
    -> Bubble 0 Global metrics: RMSE=29.5596, SMAPE=56.8370
  Round 89/100
    -> Bubble 0 Global metrics: RMSE=29.5794, SMAPE=56.8627
  Round 90/100
    -> Bubble 0 Global metrics: RMSE=29.5774, SMAPE=56.8138
  Round 91/100
    -> Bubble 0 Global metrics: RMSE=29.5492, SMAPE=56.8783
  Round 92/100
    -> Bubble 0 Global metrics: RMSE=29.5771, SMAPE=56.8115
  Round 93/100
    -> Bubble 0 Global metrics: RMSE=29.5901, SMAPE=56.8628
  Round 94/100
    -> Bubble 0 Global metrics: RMSE=29.5740, SMAPE=56.8223
  Round 95/100
    -> Bubble 0 Global metrics: RMSE=29.5687, SMAPE=56.8690
  Round 96/100
    -> Bubble 0 Global metrics: RMSE=29.5876, SMAPE=56.8644
  Round 97/100
    -> Bubble 0 Global metrics: RMSE=29.5728, SMAPE=56.8616
  Round 98/100
    -> Bubble 0 Global metrics: RMSE=29.5964, SMAPE=56.8841
  Round 99/100
    -> Bubble 0 Global metrics: RMSE=29.5897, SMAPE=56.8494
  Round 100/100
    -> Bubble 0 Global metrics: RMSE=29.5730, SMAPE=56.8955

FL Training Complete.
[Global FedAvg] RMSE: 29.5730, SMAPE: 56.8955


=== Strategy 3: PA-CFL ===
--- PA-CFL Step 1 & 2: Feature Collection & Clustering ---
Feature importances saved to outputs/feature_importances.json
Optimal Clusters (k*): 11
Multi-Client Bubbles: [['CA_1_FOODS_1', 'CA_2_HOBBIES_1', 'CA_2_HOUSEHOLD_2', 'CA_4_HOUSEHOLD_2', 'TX_1_HOBBIES_1', 'TX_2_HOBBIES_1', 'TX_2_HOBBIES_2', 'WI_2_FOODS_1'], ['CA_1_FOODS_2', 'CA_4_HOBBIES_2', 'TX_1_FOODS_1', 'TX_1_HOBBIES_2', 'TX_2_FOODS_1', 'TX_2_HOUSEHOLD_1', 'WI_1_FOODS_3', 'WI_2_FOODS_3', 'WI_3_FOODS_3', 'WI_3_HOBBIES_1', 'WI_3_HOBBIES_2', 'WI_3_HOUSEHOLD_1', 'WI_3_HOUSEHOLD_2'], ['CA_1_FOODS_3', 'CA_2_FOODS_3', 'TX_1_HOUSEHOLD_2', 'WI_1_HOUSEHOLD_1', 'WI_2_HOBBIES_2'], ['CA_1_HOBBIES_1', 'CA_2_FOODS_1', 'CA_2_HOBBIES_2', 'CA_4_HOUSEHOLD_1', 'TX_3_HOBBIES_1'], ['CA_1_HOBBIES_2', 'TX_3_FOODS_3', 'WI_3_FOODS_1'], ['CA_1_HOUSEHOLD_1', 'CA_3_FOODS_2', 'CA_4_FOODS_2', 'TX_2_FOODS_2', 'TX_3_FOODS_2', 'TX_3_HOBBIES_2', 'WI_1_FOODS_1', 'WI_1_FOODS_2', 'WI_2_FOODS_2', 'WI_2_HOUSEHOLD_2'], ['CA_1_HOUSEHOLD_2', 'CA_2_FOODS_2', 'CA_3_HOBBIES_2', 'CA_4_FOODS_1', 'CA_4_FOODS_3', 'TX_2_FOODS_3', 'TX_2_HOUSEHOLD_2', 'WI_1_HOUSEHOLD_2', 'WI_3_FOODS_2'], ['CA_2_HOUSEHOLD_1', 'WI_1_HOBBIES_2'], ['CA_3_FOODS_1', 'CA_3_HOUSEHOLD_1', 'CA_4_HOBBIES_1', 'TX_1_FOODS_2'], ['CA_3_FOODS_3', 'TX_1_FOODS_3', 'TX_1_HOUSEHOLD_1', 'WI_2_HOBBIES_1', 'WI_2_HOUSEHOLD_1'], ['CA_3_HOBBIES_1', 'CA_3_HOUSEHOLD_2', 'TX_3_FOODS_1', 'TX_3_HOUSEHOLD_1', 'TX_3_HOUSEHOLD_2', 'WI_1_HOBBIES_1']]
Isolated (Single-Client) Bubbles: []
Clustering results saved to outputs/clustering_results.json

--- PA-CFL Step 3: Federated Learning within Bubbles ---
[Shared Global] warmup_rounds=1, clients=['CA_1_FOODS_1', 'CA_1_FOODS_2', 'CA_1_FOODS_3', 'CA_1_HOBBIES_1', 'CA_1_HOBBIES_2', 'CA_1_HOUSEHOLD_1', 'CA_1_HOUSEHOLD_2', 'CA_2_FOODS_1', 'CA_2_FOODS_2', 'CA_2_FOODS_3', 'CA_2_HOBBIES_1', 'CA_2_HOBBIES_2', 'CA_2_HOUSEHOLD_1', 'CA_2_HOUSEHOLD_2', 'CA_3_FOODS_1', 'CA_3_FOODS_2', 'CA_3_FOODS_3', 'CA_3_HOBBIES_1', 'CA_3_HOBBIES_2', 'CA_3_HOUSEHOLD_1', 'CA_3_HOUSEHOLD_2', 'CA_4_FOODS_1', 'CA_4_FOODS_2', 'CA_4_FOODS_3', 'CA_4_HOBBIES_1', 'CA_4_HOBBIES_2', 'CA_4_HOUSEHOLD_1', 'CA_4_HOUSEHOLD_2', 'TX_1_FOODS_1', 'TX_1_FOODS_2', 'TX_1_FOODS_3', 'TX_1_HOBBIES_1', 'TX_1_HOBBIES_2', 'TX_1_HOUSEHOLD_1', 'TX_1_HOUSEHOLD_2', 'TX_2_FOODS_1', 'TX_2_FOODS_2', 'TX_2_FOODS_3', 'TX_2_HOBBIES_1', 'TX_2_HOBBIES_2', 'TX_2_HOUSEHOLD_1', 'TX_2_HOUSEHOLD_2', 'TX_3_FOODS_1', 'TX_3_FOODS_2', 'TX_3_FOODS_3', 'TX_3_HOBBIES_1', 'TX_3_HOBBIES_2', 'TX_3_HOUSEHOLD_1', 'TX_3_HOUSEHOLD_2', 'WI_1_FOODS_1', 'WI_1_FOODS_2', 'WI_1_FOODS_3', 'WI_1_HOBBIES_1', 'WI_1_HOBBIES_2', 'WI_1_HOUSEHOLD_1', 'WI_1_HOUSEHOLD_2', 'WI_2_FOODS_1', 'WI_2_FOODS_2', 'WI_2_FOODS_3', 'WI_2_HOBBIES_1', 'WI_2_HOBBIES_2', 'WI_2_HOUSEHOLD_1', 'WI_2_HOUSEHOLD_2', 'WI_3_FOODS_1', 'WI_3_FOODS_2', 'WI_3_FOODS_3', 'WI_3_HOBBIES_1', 'WI_3_HOBBIES_2', 'WI_3_HOUSEHOLD_1', 'WI_3_HOUSEHOLD_2']
[Shared Global] warmup round 1/1 complete
  Personalized shared-LSTM round 1/100
    -> Bubble 0 shared-LSTM metrics: RMSE=19.2150, SMAPE=59.2102
    -> Bubble 1 shared-LSTM metrics: RMSE=35.2509, SMAPE=58.3429
    -> Bubble 2 shared-LSTM metrics: RMSE=34.1667, SMAPE=60.9465
    -> Bubble 3 shared-LSTM metrics: RMSE=25.6939, SMAPE=58.5976
    -> Bubble 4 shared-LSTM metrics: RMSE=29.1705, SMAPE=60.4803
    -> Bubble 5 shared-LSTM metrics: RMSE=28.1031, SMAPE=54.6332
    -> Bubble 6 shared-LSTM metrics: RMSE=20.9703, SMAPE=52.5960
    -> Bubble 7 shared-LSTM metrics: RMSE=17.8802, SMAPE=81.4240
    -> Bubble 8 shared-LSTM metrics: RMSE=30.3577, SMAPE=51.1916
    -> Bubble 9 shared-LSTM metrics: RMSE=58.7325, SMAPE=45.2947
    -> Bubble 10 shared-LSTM metrics: RMSE=23.7740, SMAPE=45.9013
  Personalized shared-LSTM round 2/100
    -> Bubble 0 shared-LSTM metrics: RMSE=19.3104, SMAPE=59.1287
    -> Bubble 1 shared-LSTM metrics: RMSE=34.7507, SMAPE=58.0676
    -> Bubble 2 shared-LSTM metrics: RMSE=33.3286, SMAPE=60.6012
    -> Bubble 3 shared-LSTM metrics: RMSE=25.2170, SMAPE=58.1848
    -> Bubble 4 shared-LSTM metrics: RMSE=27.9096, SMAPE=59.8134
    -> Bubble 5 shared-LSTM metrics: RMSE=27.1540, SMAPE=54.3046
    -> Bubble 6 shared-LSTM metrics: RMSE=20.6760, SMAPE=52.5720
    -> Bubble 7 shared-LSTM metrics: RMSE=17.7556, SMAPE=81.1463
    -> Bubble 8 shared-LSTM metrics: RMSE=29.8939, SMAPE=50.8719
    -> Bubble 9 shared-LSTM metrics: RMSE=58.9640, SMAPE=45.7707
    -> Bubble 10 shared-LSTM metrics: RMSE=23.7326, SMAPE=45.9200
  Personalized shared-LSTM round 3/100
    -> Bubble 0 shared-LSTM metrics: RMSE=19.6625, SMAPE=59.3289
    -> Bubble 1 shared-LSTM metrics: RMSE=34.7280, SMAPE=57.9613
    -> Bubble 2 shared-LSTM metrics: RMSE=32.9678, SMAPE=60.4412
    -> Bubble 3 shared-LSTM metrics: RMSE=25.0623, SMAPE=58.0674
    -> Bubble 4 shared-LSTM metrics: RMSE=28.2232, SMAPE=59.8811
    -> Bubble 5 shared-LSTM metrics: RMSE=27.0035, SMAPE=54.2835
    -> Bubble 6 shared-LSTM metrics: RMSE=20.5935, SMAPE=52.5822
    -> Bubble 7 shared-LSTM metrics: RMSE=17.8535, SMAPE=80.9927
    -> Bubble 8 shared-LSTM metrics: RMSE=29.6772, SMAPE=50.8233
    -> Bubble 9 shared-LSTM metrics: RMSE=59.2628, SMAPE=45.9239
    -> Bubble 10 shared-LSTM metrics: RMSE=23.8436, SMAPE=46.5367
  Personalized shared-LSTM round 4/100
    -> Bubble 0 shared-LSTM metrics: RMSE=19.9010, SMAPE=59.2792
    -> Bubble 1 shared-LSTM metrics: RMSE=34.8325, SMAPE=57.9921
    -> Bubble 2 shared-LSTM metrics: RMSE=32.7692, SMAPE=60.2174
    -> Bubble 3 shared-LSTM metrics: RMSE=24.8647, SMAPE=57.9488
    -> Bubble 4 shared-LSTM metrics: RMSE=26.5070, SMAPE=58.8544
    -> Bubble 5 shared-LSTM metrics: RMSE=26.9825, SMAPE=54.4370
    -> Bubble 6 shared-LSTM metrics: RMSE=20.5280, SMAPE=52.6722
    -> Bubble 7 shared-LSTM metrics: RMSE=17.7713, SMAPE=80.7613
    -> Bubble 8 shared-LSTM metrics: RMSE=29.6560, SMAPE=50.8014
    -> Bubble 9 shared-LSTM metrics: RMSE=58.9830, SMAPE=45.8441
    -> Bubble 10 shared-LSTM metrics: RMSE=23.9071, SMAPE=45.9758
  Personalized shared-LSTM round 5/100
    -> Bubble 0 shared-LSTM metrics: RMSE=20.1609, SMAPE=59.4035
    -> Bubble 1 shared-LSTM metrics: RMSE=34.9595, SMAPE=58.0621
    -> Bubble 2 shared-LSTM metrics: RMSE=32.9772, SMAPE=60.2008
    -> Bubble 3 shared-LSTM metrics: RMSE=24.7135, SMAPE=57.8402
    -> Bubble 4 shared-LSTM metrics: RMSE=27.2796, SMAPE=59.2152
    -> Bubble 5 shared-LSTM metrics: RMSE=26.9724, SMAPE=54.3477
    -> Bubble 6 shared-LSTM metrics: RMSE=20.4479, SMAPE=52.8493
    -> Bubble 7 shared-LSTM metrics: RMSE=17.8245, SMAPE=80.6335
    -> Bubble 8 shared-LSTM metrics: RMSE=29.6470, SMAPE=50.9050
    -> Bubble 9 shared-LSTM metrics: RMSE=59.8995, SMAPE=46.1612
    -> Bubble 10 shared-LSTM metrics: RMSE=23.9613, SMAPE=46.0152
  Personalized shared-LSTM round 6/100
    -> Bubble 0 shared-LSTM metrics: RMSE=20.3802, SMAPE=59.5273
    -> Bubble 1 shared-LSTM metrics: RMSE=34.9335, SMAPE=58.0674
    -> Bubble 2 shared-LSTM metrics: RMSE=32.9902, SMAPE=60.3909
    -> Bubble 3 shared-LSTM metrics: RMSE=24.6919, SMAPE=57.8012
    -> Bubble 4 shared-LSTM metrics: RMSE=27.2689, SMAPE=59.1646
    -> Bubble 5 shared-LSTM metrics: RMSE=26.8778, SMAPE=54.2553
    -> Bubble 6 shared-LSTM metrics: RMSE=20.3308, SMAPE=53.2451
    -> Bubble 7 shared-LSTM metrics: RMSE=17.7913, SMAPE=80.4589
    -> Bubble 8 shared-LSTM metrics: RMSE=29.7740, SMAPE=51.0892
    -> Bubble 9 shared-LSTM metrics: RMSE=60.3208, SMAPE=46.2176
    -> Bubble 10 shared-LSTM metrics: RMSE=23.9846, SMAPE=46.0053
  Personalized shared-LSTM round 7/100
    -> Bubble 0 shared-LSTM metrics: RMSE=20.6626, SMAPE=59.5610
    -> Bubble 1 shared-LSTM metrics: RMSE=35.0288, SMAPE=58.1670
    -> Bubble 2 shared-LSTM metrics: RMSE=32.8152, SMAPE=60.4056
    -> Bubble 3 shared-LSTM metrics: RMSE=25.0671, SMAPE=58.0432
    -> Bubble 4 shared-LSTM metrics: RMSE=27.3214, SMAPE=59.2171
    -> Bubble 5 shared-LSTM metrics: RMSE=26.9863, SMAPE=54.3263
    -> Bubble 6 shared-LSTM metrics: RMSE=20.3410, SMAPE=53.3460
    -> Bubble 7 shared-LSTM metrics: RMSE=17.6984, SMAPE=80.3327
    -> Bubble 8 shared-LSTM metrics: RMSE=29.9868, SMAPE=51.2750
    -> Bubble 9 shared-LSTM metrics: RMSE=60.7026, SMAPE=46.4335
    -> Bubble 10 shared-LSTM metrics: RMSE=24.1134, SMAPE=46.0549
  Personalized shared-LSTM round 8/100
    -> Bubble 0 shared-LSTM metrics: RMSE=20.6481, SMAPE=59.6308
    -> Bubble 1 shared-LSTM metrics: RMSE=34.9295, SMAPE=58.1594
    -> Bubble 2 shared-LSTM metrics: RMSE=33.5529, SMAPE=61.1159
    -> Bubble 3 shared-LSTM metrics: RMSE=25.0113, SMAPE=58.0166
    -> Bubble 4 shared-LSTM metrics: RMSE=26.2940, SMAPE=58.5604
    -> Bubble 5 shared-LSTM metrics: RMSE=27.0493, SMAPE=54.3514
    -> Bubble 6 shared-LSTM metrics: RMSE=20.4205, SMAPE=53.8405
    -> Bubble 7 shared-LSTM metrics: RMSE=17.6774, SMAPE=80.4608
    -> Bubble 8 shared-LSTM metrics: RMSE=30.2186, SMAPE=51.7209
    -> Bubble 9 shared-LSTM metrics: RMSE=60.5435, SMAPE=46.1115
    -> Bubble 10 shared-LSTM metrics: RMSE=24.2541, SMAPE=46.1680
  Personalized shared-LSTM round 9/100
    -> Bubble 0 shared-LSTM metrics: RMSE=20.8320, SMAPE=59.7623
    -> Bubble 1 shared-LSTM metrics: RMSE=35.1517, SMAPE=58.2460
    -> Bubble 2 shared-LSTM metrics: RMSE=32.8013, SMAPE=60.5949
    -> Bubble 3 shared-LSTM metrics: RMSE=25.0217, SMAPE=58.0469
    -> Bubble 4 shared-LSTM metrics: RMSE=26.5162, SMAPE=58.7894
    -> Bubble 5 shared-LSTM metrics: RMSE=27.1934, SMAPE=54.3848
    -> Bubble 6 shared-LSTM metrics: RMSE=20.5077, SMAPE=53.9306
    -> Bubble 7 shared-LSTM metrics: RMSE=17.6783, SMAPE=80.5827
    -> Bubble 8 shared-LSTM metrics: RMSE=30.4496, SMAPE=51.3686
    -> Bubble 9 shared-LSTM metrics: RMSE=62.1275, SMAPE=46.7314
    -> Bubble 10 shared-LSTM metrics: RMSE=24.2925, SMAPE=46.1996
  Personalized shared-LSTM round 10/100
    -> Bubble 0 shared-LSTM metrics: RMSE=20.9239, SMAPE=59.7846
    -> Bubble 1 shared-LSTM metrics: RMSE=35.1535, SMAPE=58.3554
    -> Bubble 2 shared-LSTM metrics: RMSE=32.8374, SMAPE=60.6589
    -> Bubble 3 shared-LSTM metrics: RMSE=25.1142, SMAPE=58.2120
    -> Bubble 4 shared-LSTM metrics: RMSE=26.4592, SMAPE=58.7950
    -> Bubble 5 shared-LSTM metrics: RMSE=27.2237, SMAPE=54.2941
    -> Bubble 6 shared-LSTM metrics: RMSE=20.6145, SMAPE=54.1508
    -> Bubble 7 shared-LSTM metrics: RMSE=17.5890, SMAPE=80.9306
    -> Bubble 8 shared-LSTM metrics: RMSE=30.4681, SMAPE=51.8724
    -> Bubble 9 shared-LSTM metrics: RMSE=62.2629, SMAPE=46.8192
    -> Bubble 10 shared-LSTM metrics: RMSE=24.3234, SMAPE=46.2998
[Dynamic Recluster] round=10, k_star=11, bubbles=[['CA_1_FOODS_1', 'TX_2_HOBBIES_1', 'WI_1_HOUSEHOLD_1', 'CA_2_HOBBIES_2', 'TX_3_HOUSEHOLD_1'], ['CA_2_HOBBIES_1', 'CA_4_HOUSEHOLD_2', 'TX_2_HOBBIES_2', 'WI_2_FOODS_1', 'CA_1_FOODS_2', 'TX_1_HOBBIES_2', 'WI_2_FOODS_3', 'CA_1_HOBBIES_2'], ['CA_2_HOUSEHOLD_2', 'TX_1_HOUSEHOLD_2', 'TX_3_HOBBIES_1', 'WI_1_HOBBIES_2'], ['TX_1_HOBBIES_1', 'WI_3_FOODS_3', 'WI_3_HOBBIES_2', 'WI_3_HOUSEHOLD_2', 'WI_2_HOBBIES_2', 'CA_1_HOBBIES_1', 'CA_4_FOODS_2', 'TX_3_HOBBIES_2', 'CA_3_HOBBIES_2', 'TX_2_HOUSEHOLD_2', 'TX_1_FOODS_3', 'TX_3_FOODS_1', 'TX_3_HOUSEHOLD_2'], ['CA_4_HOBBIES_2', 'WI_3_HOBBIES_1', 'WI_2_HOUSEHOLD_1'], ['TX_1_FOODS_1', 'TX_2_FOODS_1', 'CA_2_FOODS_3', 'CA_2_FOODS_1', 'TX_3_FOODS_3', 'WI_1_FOODS_2', 'WI_2_FOODS_2', 'CA_1_HOUSEHOLD_2', 'CA_2_HOUSEHOLD_1', 'TX_1_FOODS_2', 'CA_3_HOUSEHOLD_2'], ['TX_2_HOUSEHOLD_1', 'CA_2_FOODS_2'], ['WI_1_FOODS_3', 'CA_4_HOUSEHOLD_1', 'CA_1_HOUSEHOLD_1', 'TX_2_FOODS_2', 'WI_1_FOODS_1', 'WI_2_HOUSEHOLD_2', 'CA_4_FOODS_3', 'TX_2_FOODS_3', 'CA_4_HOBBIES_1', 'WI_1_HOBBIES_1'], ['WI_3_HOUSEHOLD_1', 'CA_3_FOODS_2', 'TX_3_FOODS_2', 'CA_4_FOODS_1', 'WI_1_HOUSEHOLD_2', 'WI_3_FOODS_2', 'CA_3_FOODS_1', 'CA_3_FOODS_3'], ['CA_1_FOODS_3', 'WI_2_HOBBIES_1'], ['WI_3_FOODS_1', 'CA_3_HOUSEHOLD_1', 'TX_1_HOUSEHOLD_1', 'CA_3_HOBBIES_1']], isolated=[]
Clustering results saved to outputs/clustering_results.json
  Personalized shared-LSTM round 11/100
    -> Bubble 0 shared-LSTM metrics: RMSE=24.6815, SMAPE=53.9928
    -> Bubble 1 shared-LSTM metrics: RMSE=28.7330, SMAPE=71.3611
    -> Bubble 2 shared-LSTM metrics: RMSE=15.1670, SMAPE=72.3033
    -> Bubble 3 shared-LSTM metrics: RMSE=19.9868, SMAPE=66.2597
    -> Bubble 4 shared-LSTM metrics: RMSE=21.5986, SMAPE=72.8018
    -> Bubble 5 shared-LSTM metrics: RMSE=30.7310, SMAPE=45.3989
    -> Bubble 6 shared-LSTM metrics: RMSE=46.3618, SMAPE=51.1165
    -> Bubble 7 shared-LSTM metrics: RMSE=25.1113, SMAPE=42.0328
    -> Bubble 8 shared-LSTM metrics: RMSE=47.1693, SMAPE=46.9453
    -> Bubble 9 shared-LSTM metrics: RMSE=47.0551, SMAPE=50.4548
    -> Bubble 10 shared-LSTM metrics: RMSE=36.5962, SMAPE=46.2026
  Personalized shared-LSTM round 12/100
    -> Bubble 0 shared-LSTM metrics: RMSE=24.7616, SMAPE=54.1065
    -> Bubble 1 shared-LSTM metrics: RMSE=28.8539, SMAPE=71.1725
    -> Bubble 2 shared-LSTM metrics: RMSE=14.8553, SMAPE=72.0560
    -> Bubble 3 shared-LSTM metrics: RMSE=20.1620, SMAPE=66.2161
    -> Bubble 4 shared-LSTM metrics: RMSE=21.4568, SMAPE=73.1779
    -> Bubble 5 shared-LSTM metrics: RMSE=30.7451, SMAPE=45.4320
    -> Bubble 6 shared-LSTM metrics: RMSE=46.2044, SMAPE=51.4050
    -> Bubble 7 shared-LSTM metrics: RMSE=24.9428, SMAPE=42.3308
    -> Bubble 8 shared-LSTM metrics: RMSE=47.3513, SMAPE=46.9848
    -> Bubble 9 shared-LSTM metrics: RMSE=48.9433, SMAPE=50.8424
    -> Bubble 10 shared-LSTM metrics: RMSE=36.4009, SMAPE=46.2696
  Personalized shared-LSTM round 13/100
    -> Bubble 0 shared-LSTM metrics: RMSE=24.8032, SMAPE=54.1944
    -> Bubble 1 shared-LSTM metrics: RMSE=28.8796, SMAPE=71.2979
    -> Bubble 2 shared-LSTM metrics: RMSE=14.8401, SMAPE=72.0157
    -> Bubble 3 shared-LSTM metrics: RMSE=20.3561, SMAPE=66.1946
    -> Bubble 4 shared-LSTM metrics: RMSE=21.7010, SMAPE=73.1354
    -> Bubble 5 shared-LSTM metrics: RMSE=30.7637, SMAPE=45.5470
    -> Bubble 6 shared-LSTM metrics: RMSE=46.3388, SMAPE=51.9902
    -> Bubble 7 shared-LSTM metrics: RMSE=25.2697, SMAPE=42.1623
    -> Bubble 8 shared-LSTM metrics: RMSE=47.4698, SMAPE=46.9271
    -> Bubble 9 shared-LSTM metrics: RMSE=49.9418, SMAPE=50.5697
    -> Bubble 10 shared-LSTM metrics: RMSE=36.2569, SMAPE=46.2844
  Personalized shared-LSTM round 14/100
    -> Bubble 0 shared-LSTM metrics: RMSE=24.9380, SMAPE=54.3443
    -> Bubble 1 shared-LSTM metrics: RMSE=28.8000, SMAPE=71.1505
    -> Bubble 2 shared-LSTM metrics: RMSE=15.0833, SMAPE=72.0764
    -> Bubble 3 shared-LSTM metrics: RMSE=20.4489, SMAPE=66.3618
    -> Bubble 4 shared-LSTM metrics: RMSE=21.9886, SMAPE=73.4403
    -> Bubble 5 shared-LSTM metrics: RMSE=30.7507, SMAPE=45.5319
    -> Bubble 6 shared-LSTM metrics: RMSE=46.7822, SMAPE=52.6898
    -> Bubble 7 shared-LSTM metrics: RMSE=25.2389, SMAPE=42.1463
    -> Bubble 8 shared-LSTM metrics: RMSE=47.5830, SMAPE=46.9123
    -> Bubble 9 shared-LSTM metrics: RMSE=49.5020, SMAPE=50.5893
    -> Bubble 10 shared-LSTM metrics: RMSE=36.3639, SMAPE=46.3015
  Personalized shared-LSTM round 15/100
    -> Bubble 0 shared-LSTM metrics: RMSE=24.9831, SMAPE=54.4975
    -> Bubble 1 shared-LSTM metrics: RMSE=28.6559, SMAPE=71.2366
    -> Bubble 2 shared-LSTM metrics: RMSE=14.8679, SMAPE=72.0244
    -> Bubble 3 shared-LSTM metrics: RMSE=20.5673, SMAPE=66.3548
    -> Bubble 4 shared-LSTM metrics: RMSE=22.3944, SMAPE=73.4150
    -> Bubble 5 shared-LSTM metrics: RMSE=30.7644, SMAPE=45.6186
    -> Bubble 6 shared-LSTM metrics: RMSE=46.8143, SMAPE=52.5923
    -> Bubble 7 shared-LSTM metrics: RMSE=25.2489, SMAPE=42.1593
    -> Bubble 8 shared-LSTM metrics: RMSE=47.8154, SMAPE=46.9382
    -> Bubble 9 shared-LSTM metrics: RMSE=51.7101, SMAPE=51.6825
    -> Bubble 10 shared-LSTM metrics: RMSE=36.1595, SMAPE=46.2669
  Personalized shared-LSTM round 16/100
    -> Bubble 0 shared-LSTM metrics: RMSE=25.0416, SMAPE=54.6360
    -> Bubble 1 shared-LSTM metrics: RMSE=28.6433, SMAPE=71.2481
    -> Bubble 2 shared-LSTM metrics: RMSE=15.0154, SMAPE=72.1290
    -> Bubble 3 shared-LSTM metrics: RMSE=20.7055, SMAPE=66.4685
    -> Bubble 4 shared-LSTM metrics: RMSE=22.6454, SMAPE=73.4985
    -> Bubble 5 shared-LSTM metrics: RMSE=30.8200, SMAPE=45.6472
    -> Bubble 6 shared-LSTM metrics: RMSE=46.9977, SMAPE=53.0654
    -> Bubble 7 shared-LSTM metrics: RMSE=25.3555, SMAPE=42.2113
    -> Bubble 8 shared-LSTM metrics: RMSE=47.8981, SMAPE=46.9792
    -> Bubble 9 shared-LSTM metrics: RMSE=53.6050, SMAPE=51.6759
    -> Bubble 10 shared-LSTM metrics: RMSE=36.1629, SMAPE=46.2868
  Personalized shared-LSTM round 17/100
    -> Bubble 0 shared-LSTM metrics: RMSE=25.1353, SMAPE=54.8942
    -> Bubble 1 shared-LSTM metrics: RMSE=28.6926, SMAPE=71.2832
    -> Bubble 2 shared-LSTM metrics: RMSE=15.0650, SMAPE=72.2618
    -> Bubble 3 shared-LSTM metrics: RMSE=20.7710, SMAPE=66.6014
    -> Bubble 4 shared-LSTM metrics: RMSE=22.5136, SMAPE=74.0005
    -> Bubble 5 shared-LSTM metrics: RMSE=30.8630, SMAPE=45.7650
    -> Bubble 6 shared-LSTM metrics: RMSE=47.0083, SMAPE=52.9206
    -> Bubble 7 shared-LSTM metrics: RMSE=25.1680, SMAPE=42.1592
    -> Bubble 8 shared-LSTM metrics: RMSE=48.1705, SMAPE=47.0606
    -> Bubble 9 shared-LSTM metrics: RMSE=53.7255, SMAPE=51.8865
    -> Bubble 10 shared-LSTM metrics: RMSE=36.2978, SMAPE=46.3137
  Personalized shared-LSTM round 18/100
    -> Bubble 0 shared-LSTM metrics: RMSE=25.3017, SMAPE=55.1565
    -> Bubble 1 shared-LSTM metrics: RMSE=28.5638, SMAPE=71.3225
    -> Bubble 2 shared-LSTM metrics: RMSE=14.9337, SMAPE=72.3129
    -> Bubble 3 shared-LSTM metrics: RMSE=20.8084, SMAPE=66.6679
    -> Bubble 4 shared-LSTM metrics: RMSE=22.9498, SMAPE=73.9811
    -> Bubble 5 shared-LSTM metrics: RMSE=30.9890, SMAPE=45.9101
    -> Bubble 6 shared-LSTM metrics: RMSE=47.2119, SMAPE=53.3445
    -> Bubble 7 shared-LSTM metrics: RMSE=25.3887, SMAPE=42.2008
    -> Bubble 8 shared-LSTM metrics: RMSE=48.2968, SMAPE=47.1042
    -> Bubble 9 shared-LSTM metrics: RMSE=53.1377, SMAPE=51.8532
    -> Bubble 10 shared-LSTM metrics: RMSE=36.1594, SMAPE=46.2824
  Personalized shared-LSTM round 19/100
    -> Bubble 0 shared-LSTM metrics: RMSE=25.3388, SMAPE=55.3703
    -> Bubble 1 shared-LSTM metrics: RMSE=28.5465, SMAPE=71.3964
    -> Bubble 2 shared-LSTM metrics: RMSE=15.0055, SMAPE=72.3414
    -> Bubble 3 shared-LSTM metrics: RMSE=20.9271, SMAPE=66.7672
    -> Bubble 4 shared-LSTM metrics: RMSE=23.2002, SMAPE=74.1547
    -> Bubble 5 shared-LSTM metrics: RMSE=30.8889, SMAPE=45.9657
    -> Bubble 6 shared-LSTM metrics: RMSE=47.4718, SMAPE=53.8724
    -> Bubble 7 shared-LSTM metrics: RMSE=25.3927, SMAPE=42.2233
    -> Bubble 8 shared-LSTM metrics: RMSE=48.9315, SMAPE=47.2320
    -> Bubble 9 shared-LSTM metrics: RMSE=53.5135, SMAPE=52.0266
    -> Bubble 10 shared-LSTM metrics: RMSE=36.2602, SMAPE=46.4448
  Personalized shared-LSTM round 20/100
    -> Bubble 0 shared-LSTM metrics: RMSE=25.3917, SMAPE=55.5915
    -> Bubble 1 shared-LSTM metrics: RMSE=28.6639, SMAPE=71.3791
    -> Bubble 2 shared-LSTM metrics: RMSE=14.9437, SMAPE=72.3681
    -> Bubble 3 shared-LSTM metrics: RMSE=20.9173, SMAPE=66.8562
    -> Bubble 4 shared-LSTM metrics: RMSE=23.5247, SMAPE=74.1721
    -> Bubble 5 shared-LSTM metrics: RMSE=30.8191, SMAPE=45.9087
    -> Bubble 6 shared-LSTM metrics: RMSE=47.3309, SMAPE=53.6078
    -> Bubble 7 shared-LSTM metrics: RMSE=25.4736, SMAPE=42.2609
    -> Bubble 8 shared-LSTM metrics: RMSE=48.9162, SMAPE=47.2531
    -> Bubble 9 shared-LSTM metrics: RMSE=55.4252, SMAPE=52.0528
    -> Bubble 10 shared-LSTM metrics: RMSE=36.3323, SMAPE=46.4857
[Dynamic Recluster] round=20, k_star=2, bubbles=[['CA_1_FOODS_1', 'TX_2_HOBBIES_1', 'WI_1_HOUSEHOLD_1', 'CA_2_HOBBIES_2', 'TX_3_HOUSEHOLD_1', 'CA_2_HOBBIES_1', 'CA_4_HOUSEHOLD_2', 'TX_2_HOBBIES_2', 'WI_2_FOODS_1', 'CA_1_FOODS_2', 'TX_1_HOBBIES_2', 'WI_2_FOODS_3', 'CA_1_HOBBIES_2', 'TX_1_HOUSEHOLD_2', 'TX_3_HOBBIES_1', 'WI_1_HOBBIES_2', 'TX_1_HOBBIES_1', 'WI_3_FOODS_3', 'WI_3_HOBBIES_2', 'WI_3_HOUSEHOLD_2', 'WI_2_HOBBIES_2', 'CA_1_HOBBIES_1', 'CA_4_FOODS_2', 'TX_3_HOBBIES_2', 'CA_3_HOBBIES_2', 'TX_2_HOUSEHOLD_2', 'TX_1_FOODS_3', 'TX_3_FOODS_1', 'TX_3_HOUSEHOLD_2', 'CA_4_HOBBIES_2', 'WI_3_HOBBIES_1', 'WI_2_HOUSEHOLD_1', 'TX_1_FOODS_1', 'TX_2_FOODS_1', 'CA_2_FOODS_3', 'CA_2_FOODS_1', 'TX_3_FOODS_3', 'WI_1_FOODS_2', 'WI_2_FOODS_2', 'CA_1_HOUSEHOLD_2', 'CA_2_HOUSEHOLD_1', 'TX_1_FOODS_2', 'CA_3_HOUSEHOLD_2', 'TX_2_HOUSEHOLD_1', 'CA_2_FOODS_2', 'WI_1_FOODS_3', 'CA_4_HOUSEHOLD_1', 'CA_1_HOUSEHOLD_1', 'TX_2_FOODS_2', 'WI_1_FOODS_1', 'WI_2_HOUSEHOLD_2', 'CA_4_FOODS_3', 'TX_2_FOODS_3', 'CA_4_HOBBIES_1', 'WI_1_HOBBIES_1', 'WI_3_HOUSEHOLD_1', 'CA_3_FOODS_2', 'TX_3_FOODS_2', 'CA_4_FOODS_1', 'WI_1_HOUSEHOLD_2', 'WI_3_FOODS_2', 'CA_3_FOODS_1', 'CA_1_FOODS_3', 'WI_2_HOBBIES_1', 'WI_3_FOODS_1', 'CA_3_HOUSEHOLD_1', 'TX_1_HOUSEHOLD_1', 'CA_3_HOBBIES_1'], ['CA_2_HOUSEHOLD_2', 'CA_3_FOODS_3']], isolated=[]
Clustering results saved to outputs/clustering_results.json
  Personalized shared-LSTM round 21/100
    -> Bubble 0 shared-LSTM metrics: RMSE=28.3958, SMAPE=56.7028
    -> Bubble 1 shared-LSTM metrics: RMSE=67.2748, SMAPE=45.6021
  Personalized shared-LSTM round 22/100
    -> Bubble 0 shared-LSTM metrics: RMSE=28.3753, SMAPE=56.6110
    -> Bubble 1 shared-LSTM metrics: RMSE=65.8993, SMAPE=45.2428
  Personalized shared-LSTM round 23/100
    -> Bubble 0 shared-LSTM metrics: RMSE=28.3344, SMAPE=56.6212
    -> Bubble 1 shared-LSTM metrics: RMSE=66.1330, SMAPE=45.4857
  Personalized shared-LSTM round 24/100
    -> Bubble 0 shared-LSTM metrics: RMSE=28.3462, SMAPE=56.5965
    -> Bubble 1 shared-LSTM metrics: RMSE=65.9358, SMAPE=45.6695
  Personalized shared-LSTM round 25/100
    -> Bubble 0 shared-LSTM metrics: RMSE=28.3488, SMAPE=56.5513
    -> Bubble 1 shared-LSTM metrics: RMSE=66.4549, SMAPE=45.7198
  Personalized shared-LSTM round 26/100
    -> Bubble 0 shared-LSTM metrics: RMSE=28.3680, SMAPE=56.6437
    -> Bubble 1 shared-LSTM metrics: RMSE=67.3391, SMAPE=46.1334
  Personalized shared-LSTM round 27/100
    -> Bubble 0 shared-LSTM metrics: RMSE=28.3408, SMAPE=56.6403
    -> Bubble 1 shared-LSTM metrics: RMSE=66.9237, SMAPE=45.8471
  Personalized shared-LSTM round 28/100
    -> Bubble 0 shared-LSTM metrics: RMSE=28.3464, SMAPE=56.6298
    -> Bubble 1 shared-LSTM metrics: RMSE=68.0702, SMAPE=46.4705
  Personalized shared-LSTM round 29/100
    -> Bubble 0 shared-LSTM metrics: RMSE=28.3294, SMAPE=56.7021
    -> Bubble 1 shared-LSTM metrics: RMSE=68.3837, SMAPE=46.8777
  Personalized shared-LSTM round 30/100
    -> Bubble 0 shared-LSTM metrics: RMSE=28.3107, SMAPE=56.7032
    -> Bubble 1 shared-LSTM metrics: RMSE=68.3479, SMAPE=46.9675
[Dynamic Recluster] round=30, k_star=2, bubbles=[['CA_1_FOODS_1', 'TX_2_HOBBIES_1', 'WI_1_HOUSEHOLD_1', 'CA_2_HOBBIES_2', 'TX_3_HOUSEHOLD_1', 'CA_2_HOBBIES_1', 'CA_4_HOUSEHOLD_2', 'TX_2_HOBBIES_2', 'WI_2_FOODS_1', 'CA_1_FOODS_2', 'TX_1_HOBBIES_2', 'WI_2_FOODS_3', 'CA_1_HOBBIES_2', 'TX_1_HOUSEHOLD_2', 'TX_3_HOBBIES_1', 'WI_1_HOBBIES_2', 'TX_1_HOBBIES_1', 'WI_3_FOODS_3', 'WI_3_HOBBIES_2', 'WI_3_HOUSEHOLD_2', 'WI_2_HOBBIES_2', 'CA_1_HOBBIES_1', 'CA_4_FOODS_2', 'TX_3_HOBBIES_2', 'CA_3_HOBBIES_2', 'TX_2_HOUSEHOLD_2', 'TX_1_FOODS_3', 'TX_3_FOODS_1', 'TX_3_HOUSEHOLD_2', 'CA_4_HOBBIES_2', 'WI_3_HOBBIES_1', 'WI_2_HOUSEHOLD_1', 'TX_1_FOODS_1', 'TX_2_FOODS_1', 'CA_2_FOODS_3', 'CA_2_FOODS_1', 'TX_3_FOODS_3', 'WI_1_FOODS_2', 'WI_2_FOODS_2', 'CA_1_HOUSEHOLD_2', 'CA_2_HOUSEHOLD_1', 'TX_1_FOODS_2', 'CA_3_HOUSEHOLD_2', 'TX_2_HOUSEHOLD_1', 'WI_1_FOODS_3', 'CA_4_HOUSEHOLD_1', 'CA_1_HOUSEHOLD_1', 'TX_2_FOODS_2', 'WI_1_FOODS_1', 'WI_2_HOUSEHOLD_2', 'CA_4_FOODS_3', 'TX_2_FOODS_3', 'CA_4_HOBBIES_1', 'WI_1_HOBBIES_1', 'WI_3_HOUSEHOLD_1', 'CA_3_FOODS_2', 'TX_3_FOODS_2', 'CA_4_FOODS_1', 'WI_1_HOUSEHOLD_2', 'WI_3_FOODS_2', 'CA_3_FOODS_1', 'CA_1_FOODS_3', 'WI_2_HOBBIES_1', 'WI_3_FOODS_1', 'CA_3_HOUSEHOLD_1', 'TX_1_HOUSEHOLD_1', 'CA_2_HOUSEHOLD_2', 'CA_3_FOODS_3'], ['CA_2_FOODS_2', 'CA_3_HOBBIES_1']], isolated=[]
Clustering results saved to outputs/clustering_results.json
  Personalized shared-LSTM round 31/100
    -> Bubble 0 shared-LSTM metrics: RMSE=30.1953, SMAPE=56.6833
    -> Bubble 1 shared-LSTM metrics: RMSE=25.1916, SMAPE=54.7898
  Personalized shared-LSTM round 32/100
    -> Bubble 0 shared-LSTM metrics: RMSE=30.1547, SMAPE=56.6833
    -> Bubble 1 shared-LSTM metrics: RMSE=25.5482, SMAPE=55.0940
  Personalized shared-LSTM round 33/100
    -> Bubble 0 shared-LSTM metrics: RMSE=30.1514, SMAPE=56.7099
    -> Bubble 1 shared-LSTM metrics: RMSE=25.6643, SMAPE=55.3200
  Personalized shared-LSTM round 34/100
    -> Bubble 0 shared-LSTM metrics: RMSE=30.0945, SMAPE=56.7105
    -> Bubble 1 shared-LSTM metrics: RMSE=25.9106, SMAPE=55.6571
  Personalized shared-LSTM round 35/100
    -> Bubble 0 shared-LSTM metrics: RMSE=30.0676, SMAPE=56.7216
    -> Bubble 1 shared-LSTM metrics: RMSE=25.9611, SMAPE=55.6916
  Personalized shared-LSTM round 36/100
    -> Bubble 0 shared-LSTM metrics: RMSE=30.0248, SMAPE=56.7926
    -> Bubble 1 shared-LSTM metrics: RMSE=26.1462, SMAPE=56.2321
  Personalized shared-LSTM round 37/100
    -> Bubble 0 shared-LSTM metrics: RMSE=29.9899, SMAPE=56.7462
    -> Bubble 1 shared-LSTM metrics: RMSE=26.2456, SMAPE=56.2458
  Personalized shared-LSTM round 38/100
    -> Bubble 0 shared-LSTM metrics: RMSE=29.9321, SMAPE=56.7320
    -> Bubble 1 shared-LSTM metrics: RMSE=26.6785, SMAPE=56.3594
  Personalized shared-LSTM round 39/100
    -> Bubble 0 shared-LSTM metrics: RMSE=29.9368, SMAPE=56.7248
    -> Bubble 1 shared-LSTM metrics: RMSE=26.6787, SMAPE=56.5369
  Personalized shared-LSTM round 40/100
    -> Bubble 0 shared-LSTM metrics: RMSE=29.9118, SMAPE=56.7260
    -> Bubble 1 shared-LSTM metrics: RMSE=26.7046, SMAPE=56.7195
[Dynamic Recluster] round=40, k_star=12, bubbles=[['CA_1_FOODS_1', 'TX_3_FOODS_3', 'WI_3_FOODS_2'], ['TX_2_HOBBIES_1', 'TX_3_HOUSEHOLD_1', 'TX_1_HOBBIES_2', 'WI_3_HOBBIES_2', 'WI_3_HOUSEHOLD_2', 'WI_2_HOBBIES_2', 'TX_2_FOODS_1', 'CA_1_HOUSEHOLD_2', 'CA_2_HOUSEHOLD_1', 'CA_3_HOUSEHOLD_2', 'TX_2_FOODS_2', 'TX_2_FOODS_3', 'WI_3_HOUSEHOLD_1', 'WI_1_HOUSEHOLD_2', 'CA_3_FOODS_1', 'WI_3_FOODS_1', 'CA_3_HOUSEHOLD_1'], ['WI_1_HOUSEHOLD_1', 'CA_4_HOUSEHOLD_2', 'WI_1_HOBBIES_2', 'TX_1_FOODS_2', 'CA_3_FOODS_2', 'TX_3_FOODS_2', 'CA_4_FOODS_1', 'TX_1_HOUSEHOLD_1'], ['CA_2_HOBBIES_2', 'WI_2_HOUSEHOLD_1', 'CA_2_FOODS_3', 'WI_1_FOODS_2', 'CA_4_HOUSEHOLD_1', 'CA_2_FOODS_2', 'CA_3_HOBBIES_1'], ['CA_2_HOBBIES_1', 'TX_1_HOBBIES_1', 'CA_4_HOBBIES_2', 'WI_1_FOODS_3'], ['TX_2_HOBBIES_2', 'WI_2_FOODS_1', 'TX_1_HOUSEHOLD_2', 'TX_3_HOBBIES_1', 'CA_4_FOODS_2', 'CA_3_HOBBIES_2', 'TX_3_HOUSEHOLD_2', 'WI_2_FOODS_2', 'WI_1_FOODS_1', 'WI_2_HOUSEHOLD_2', 'CA_3_FOODS_3'], ['CA_1_FOODS_2', 'WI_3_FOODS_3', 'TX_1_FOODS_3', 'CA_4_FOODS_3', 'CA_1_FOODS_3', 'WI_2_HOBBIES_1'], ['WI_2_FOODS_3', 'TX_3_FOODS_1', 'TX_1_FOODS_1'], ['CA_1_HOBBIES_2', 'TX_2_HOUSEHOLD_2', 'CA_1_HOUSEHOLD_1', 'CA_2_HOUSEHOLD_2'], ['CA_1_HOBBIES_1', 'CA_4_HOBBIES_1', 'WI_1_HOBBIES_1'], ['TX_3_HOBBIES_2', 'WI_3_HOBBIES_1'], ['CA_2_FOODS_1', 'TX_2_HOUSEHOLD_1']], isolated=[]
Clustering results saved to outputs/clustering_results.json
  Personalized shared-LSTM round 41/100
    -> Bubble 0 shared-LSTM metrics: RMSE=34.1330, SMAPE=39.8511
    -> Bubble 1 shared-LSTM metrics: RMSE=24.9408, SMAPE=57.1756
    -> Bubble 2 shared-LSTM metrics: RMSE=26.1585, SMAPE=56.5811
    -> Bubble 3 shared-LSTM metrics: RMSE=26.8734, SMAPE=54.6772
    -> Bubble 4 shared-LSTM metrics: RMSE=18.4305, SMAPE=63.5083
    -> Bubble 5 shared-LSTM metrics: RMSE=34.0170, SMAPE=65.9645
    -> Bubble 6 shared-LSTM metrics: RMSE=42.1416, SMAPE=40.6519
    -> Bubble 7 shared-LSTM metrics: RMSE=53.5008, SMAPE=47.9315
    -> Bubble 8 shared-LSTM metrics: RMSE=9.9605, SMAPE=58.4477
    -> Bubble 9 shared-LSTM metrics: RMSE=22.9549, SMAPE=50.6493
    -> Bubble 10 shared-LSTM metrics: RMSE=11.5327, SMAPE=88.4541
    -> Bubble 11 shared-LSTM metrics: RMSE=61.4554, SMAPE=43.3179
  Personalized shared-LSTM round 42/100
    -> Bubble 0 shared-LSTM metrics: RMSE=34.8586, SMAPE=40.2954
    -> Bubble 1 shared-LSTM metrics: RMSE=25.0272, SMAPE=57.2014
    -> Bubble 2 shared-LSTM metrics: RMSE=26.4822, SMAPE=56.8165
    -> Bubble 3 shared-LSTM metrics: RMSE=26.8936, SMAPE=54.7688
    -> Bubble 4 shared-LSTM metrics: RMSE=18.3342, SMAPE=63.6461
    -> Bubble 5 shared-LSTM metrics: RMSE=34.0965, SMAPE=66.0676
    -> Bubble 6 shared-LSTM metrics: RMSE=41.8062, SMAPE=40.3816
    -> Bubble 7 shared-LSTM metrics: RMSE=53.6441, SMAPE=48.2261
    -> Bubble 8 shared-LSTM metrics: RMSE=10.0264, SMAPE=58.7185
    -> Bubble 9 shared-LSTM metrics: RMSE=23.0715, SMAPE=50.8086
    -> Bubble 10 shared-LSTM metrics: RMSE=11.6215, SMAPE=88.7642
    -> Bubble 11 shared-LSTM metrics: RMSE=62.3679, SMAPE=43.7636
  Personalized shared-LSTM round 43/100
    -> Bubble 0 shared-LSTM metrics: RMSE=35.4637, SMAPE=40.7597
    -> Bubble 1 shared-LSTM metrics: RMSE=25.0043, SMAPE=57.3097
    -> Bubble 2 shared-LSTM metrics: RMSE=26.5718, SMAPE=57.0061
    -> Bubble 3 shared-LSTM metrics: RMSE=26.8619, SMAPE=54.6547
    -> Bubble 4 shared-LSTM metrics: RMSE=18.4372, SMAPE=63.7569
    -> Bubble 5 shared-LSTM metrics: RMSE=34.1885, SMAPE=66.1379
    -> Bubble 6 shared-LSTM metrics: RMSE=41.8231, SMAPE=40.4045
    -> Bubble 7 shared-LSTM metrics: RMSE=53.8303, SMAPE=48.2695
    -> Bubble 8 shared-LSTM metrics: RMSE=10.0449, SMAPE=58.8070
    -> Bubble 9 shared-LSTM metrics: RMSE=23.1435, SMAPE=50.8802
    -> Bubble 10 shared-LSTM metrics: RMSE=11.6667, SMAPE=88.3455
    -> Bubble 11 shared-LSTM metrics: RMSE=62.7195, SMAPE=43.7079
  Personalized shared-LSTM round 44/100
    -> Bubble 0 shared-LSTM metrics: RMSE=35.5841, SMAPE=40.8743
    -> Bubble 1 shared-LSTM metrics: RMSE=25.0552, SMAPE=57.3215
    -> Bubble 2 shared-LSTM metrics: RMSE=26.5528, SMAPE=57.0153
    -> Bubble 3 shared-LSTM metrics: RMSE=26.9345, SMAPE=54.7785
    -> Bubble 4 shared-LSTM metrics: RMSE=18.6248, SMAPE=64.0301
    -> Bubble 5 shared-LSTM metrics: RMSE=33.8499, SMAPE=66.1695
    -> Bubble 6 shared-LSTM metrics: RMSE=41.5832, SMAPE=40.3720
    -> Bubble 7 shared-LSTM metrics: RMSE=54.3223, SMAPE=48.4370
    -> Bubble 8 shared-LSTM metrics: RMSE=10.0618, SMAPE=59.0490
    -> Bubble 9 shared-LSTM metrics: RMSE=23.2522, SMAPE=51.0228
    -> Bubble 10 shared-LSTM metrics: RMSE=11.8014, SMAPE=89.0298
    -> Bubble 11 shared-LSTM metrics: RMSE=63.3709, SMAPE=44.0047
  Personalized shared-LSTM round 45/100
    -> Bubble 0 shared-LSTM metrics: RMSE=35.8785, SMAPE=41.1299
    -> Bubble 1 shared-LSTM metrics: RMSE=25.0441, SMAPE=57.3498
    -> Bubble 2 shared-LSTM metrics: RMSE=26.6250, SMAPE=57.2390
    -> Bubble 3 shared-LSTM metrics: RMSE=26.9458, SMAPE=54.7762
    -> Bubble 4 shared-LSTM metrics: RMSE=19.0231, SMAPE=64.4896
    -> Bubble 5 shared-LSTM metrics: RMSE=33.9757, SMAPE=66.2360
    -> Bubble 6 shared-LSTM metrics: RMSE=42.0721, SMAPE=40.4773
    -> Bubble 7 shared-LSTM metrics: RMSE=54.4308, SMAPE=48.8269
    -> Bubble 8 shared-LSTM metrics: RMSE=10.0574, SMAPE=58.9078
    -> Bubble 9 shared-LSTM metrics: RMSE=23.4487, SMAPE=51.4017
    -> Bubble 10 shared-LSTM metrics: RMSE=11.9498, SMAPE=89.5418
    -> Bubble 11 shared-LSTM metrics: RMSE=62.8384, SMAPE=43.7173
  Personalized shared-LSTM round 46/100
    -> Bubble 0 shared-LSTM metrics: RMSE=36.3662, SMAPE=41.3677
    -> Bubble 1 shared-LSTM metrics: RMSE=24.9932, SMAPE=57.3203
    -> Bubble 2 shared-LSTM metrics: RMSE=26.5786, SMAPE=57.3107
    -> Bubble 3 shared-LSTM metrics: RMSE=26.9062, SMAPE=54.6513
    -> Bubble 4 shared-LSTM metrics: RMSE=18.4837, SMAPE=64.6046
    -> Bubble 5 shared-LSTM metrics: RMSE=33.7642, SMAPE=66.3506
    -> Bubble 6 shared-LSTM metrics: RMSE=41.8672, SMAPE=40.4713
    -> Bubble 7 shared-LSTM metrics: RMSE=54.5763, SMAPE=48.7476
    -> Bubble 8 shared-LSTM metrics: RMSE=10.0689, SMAPE=59.2406
    -> Bubble 9 shared-LSTM metrics: RMSE=23.5245, SMAPE=51.4850
    -> Bubble 10 shared-LSTM metrics: RMSE=12.0559, SMAPE=89.4367
    -> Bubble 11 shared-LSTM metrics: RMSE=63.2050, SMAPE=44.0524
  Personalized shared-LSTM round 47/100
    -> Bubble 0 shared-LSTM metrics: RMSE=36.4538, SMAPE=41.3221
    -> Bubble 1 shared-LSTM metrics: RMSE=24.9568, SMAPE=57.2815
    -> Bubble 2 shared-LSTM metrics: RMSE=26.6166, SMAPE=57.3622
    -> Bubble 3 shared-LSTM metrics: RMSE=26.9407, SMAPE=54.7044
    -> Bubble 4 shared-LSTM metrics: RMSE=18.8639, SMAPE=64.7890
    -> Bubble 5 shared-LSTM metrics: RMSE=33.3111, SMAPE=66.5910
    -> Bubble 6 shared-LSTM metrics: RMSE=42.2757, SMAPE=40.5229
    -> Bubble 7 shared-LSTM metrics: RMSE=54.8335, SMAPE=48.8764
    -> Bubble 8 shared-LSTM metrics: RMSE=10.0985, SMAPE=59.3987
    -> Bubble 9 shared-LSTM metrics: RMSE=23.6721, SMAPE=51.6427
    -> Bubble 10 shared-LSTM metrics: RMSE=12.1939, SMAPE=90.2174
    -> Bubble 11 shared-LSTM metrics: RMSE=63.0532, SMAPE=44.1352
  Personalized shared-LSTM round 48/100
    -> Bubble 0 shared-LSTM metrics: RMSE=36.2224, SMAPE=41.3625
    -> Bubble 1 shared-LSTM metrics: RMSE=25.0439, SMAPE=57.4043
    -> Bubble 2 shared-LSTM metrics: RMSE=26.5008, SMAPE=57.4677
    -> Bubble 3 shared-LSTM metrics: RMSE=26.9675, SMAPE=54.7765
    -> Bubble 4 shared-LSTM metrics: RMSE=18.8374, SMAPE=65.1150
    -> Bubble 5 shared-LSTM metrics: RMSE=33.4302, SMAPE=66.6591
    -> Bubble 6 shared-LSTM metrics: RMSE=41.8765, SMAPE=40.6041
    -> Bubble 7 shared-LSTM metrics: RMSE=54.6459, SMAPE=49.1947
    -> Bubble 8 shared-LSTM metrics: RMSE=10.1054, SMAPE=59.4039
    -> Bubble 9 shared-LSTM metrics: RMSE=23.6962, SMAPE=51.6821
    -> Bubble 10 shared-LSTM metrics: RMSE=12.3706, SMAPE=90.5914
    -> Bubble 11 shared-LSTM metrics: RMSE=63.0428, SMAPE=44.3905
  Personalized shared-LSTM round 49/100
    -> Bubble 0 shared-LSTM metrics: RMSE=36.8640, SMAPE=41.5719
    -> Bubble 1 shared-LSTM metrics: RMSE=25.0469, SMAPE=57.3516
    -> Bubble 2 shared-LSTM metrics: RMSE=26.6279, SMAPE=57.6250
    -> Bubble 3 shared-LSTM metrics: RMSE=27.0391, SMAPE=54.8845
    -> Bubble 4 shared-LSTM metrics: RMSE=18.6181, SMAPE=65.1911
    -> Bubble 5 shared-LSTM metrics: RMSE=33.6337, SMAPE=66.6466
    -> Bubble 6 shared-LSTM metrics: RMSE=42.0161, SMAPE=40.5872
    -> Bubble 7 shared-LSTM metrics: RMSE=54.7967, SMAPE=49.2489
    -> Bubble 8 shared-LSTM metrics: RMSE=10.1050, SMAPE=59.5250
    -> Bubble 9 shared-LSTM metrics: RMSE=23.8226, SMAPE=51.8025
    -> Bubble 10 shared-LSTM metrics: RMSE=12.4561, SMAPE=90.6967
    -> Bubble 11 shared-LSTM metrics: RMSE=63.1379, SMAPE=44.6470
  Personalized shared-LSTM round 50/100
    -> Bubble 0 shared-LSTM metrics: RMSE=37.1149, SMAPE=41.9763
    -> Bubble 1 shared-LSTM metrics: RMSE=24.9555, SMAPE=57.3379
    -> Bubble 2 shared-LSTM metrics: RMSE=26.5082, SMAPE=57.3883
    -> Bubble 3 shared-LSTM metrics: RMSE=27.0254, SMAPE=54.8229
    -> Bubble 4 shared-LSTM metrics: RMSE=18.6890, SMAPE=65.0659
    -> Bubble 5 shared-LSTM metrics: RMSE=33.4984, SMAPE=66.5410
    -> Bubble 6 shared-LSTM metrics: RMSE=41.9648, SMAPE=40.7259
    -> Bubble 7 shared-LSTM metrics: RMSE=54.9427, SMAPE=49.2244
    -> Bubble 8 shared-LSTM metrics: RMSE=10.1219, SMAPE=59.8285
    -> Bubble 9 shared-LSTM metrics: RMSE=23.8884, SMAPE=52.0068
    -> Bubble 10 shared-LSTM metrics: RMSE=12.5004, SMAPE=90.7122
    -> Bubble 11 shared-LSTM metrics: RMSE=63.2062, SMAPE=44.7741
[Dynamic Recluster] round=50, k_star=4, bubbles=[['CA_1_FOODS_1', 'TX_3_FOODS_3', 'WI_3_FOODS_2', 'TX_3_HOUSEHOLD_1', 'TX_1_HOBBIES_2', 'WI_3_HOBBIES_2', 'WI_3_HOUSEHOLD_2', 'WI_2_HOBBIES_2', 'TX_2_FOODS_1', 'CA_1_HOUSEHOLD_2', 'CA_2_HOUSEHOLD_1', 'CA_3_HOUSEHOLD_2', 'TX_2_FOODS_2', 'WI_3_HOUSEHOLD_1', 'WI_1_HOUSEHOLD_2', 'CA_3_FOODS_1', 'WI_3_FOODS_1', 'CA_3_HOUSEHOLD_1', 'WI_1_HOUSEHOLD_1', 'CA_4_HOUSEHOLD_2', 'TX_1_FOODS_2', 'TX_3_FOODS_2', 'CA_4_FOODS_1', 'TX_1_HOUSEHOLD_1', 'CA_2_HOBBIES_2', 'WI_2_HOUSEHOLD_1', 'CA_2_FOODS_3', 'WI_1_FOODS_2', 'CA_4_HOUSEHOLD_1', 'CA_2_FOODS_2', 'CA_3_HOBBIES_1', 'CA_2_HOBBIES_1', 'TX_1_HOBBIES_1', 'CA_4_HOBBIES_2', 'TX_2_HOBBIES_2', 'TX_1_HOUSEHOLD_2', 'TX_3_HOBBIES_1', 'CA_4_FOODS_2', 'CA_3_HOBBIES_2', 'TX_3_HOUSEHOLD_2', 'WI_2_FOODS_2', 'WI_1_FOODS_1', 'WI_2_HOUSEHOLD_2', 'CA_1_FOODS_2', 'WI_3_FOODS_3', 'CA_4_FOODS_3', 'CA_1_FOODS_3', 'WI_2_HOBBIES_1', 'WI_2_FOODS_3', 'TX_3_FOODS_1', 'TX_1_FOODS_1', 'TX_2_HOUSEHOLD_2', 'CA_1_HOBBIES_1', 'CA_4_HOBBIES_1', 'WI_1_HOBBIES_1', 'TX_3_HOBBIES_2', 'WI_3_HOBBIES_1', 'TX_2_HOUSEHOLD_1'], ['TX_2_HOBBIES_1', 'CA_1_HOBBIES_2'], ['TX_2_FOODS_3', 'WI_1_FOODS_3', 'CA_3_FOODS_3', 'TX_1_FOODS_3', 'CA_1_HOUSEHOLD_1', 'CA_2_FOODS_1'], ['WI_1_HOBBIES_2', 'CA_3_FOODS_2', 'WI_2_FOODS_1', 'CA_2_HOUSEHOLD_2']], isolated=[]
Clustering results saved to outputs/clustering_results.json
  Personalized shared-LSTM round 51/100
    -> Bubble 0 shared-LSTM metrics: RMSE=27.5684, SMAPE=57.4499
    -> Bubble 1 shared-LSTM metrics: RMSE=13.2953, SMAPE=80.2862
    -> Bubble 2 shared-LSTM metrics: RMSE=55.2925, SMAPE=36.5823
    -> Bubble 3 shared-LSTM metrics: RMSE=30.1554, SMAPE=67.2510
  Personalized shared-LSTM round 52/100
    -> Bubble 0 shared-LSTM metrics: RMSE=27.4971, SMAPE=57.2944
    -> Bubble 1 shared-LSTM metrics: RMSE=13.3292, SMAPE=80.1200
    -> Bubble 2 shared-LSTM metrics: RMSE=55.3372, SMAPE=36.5404
    -> Bubble 3 shared-LSTM metrics: RMSE=30.6339, SMAPE=67.4443
  Personalized shared-LSTM round 53/100
    -> Bubble 0 shared-LSTM metrics: RMSE=27.4398, SMAPE=57.2756
    -> Bubble 1 shared-LSTM metrics: RMSE=13.4676, SMAPE=81.9371
    -> Bubble 2 shared-LSTM metrics: RMSE=55.4558, SMAPE=36.5577
    -> Bubble 3 shared-LSTM metrics: RMSE=30.7711, SMAPE=67.7784
  Personalized shared-LSTM round 54/100
    -> Bubble 0 shared-LSTM metrics: RMSE=27.4298, SMAPE=57.2399
    -> Bubble 1 shared-LSTM metrics: RMSE=13.5887, SMAPE=81.2070
    -> Bubble 2 shared-LSTM metrics: RMSE=55.2796, SMAPE=36.7866
    -> Bubble 3 shared-LSTM metrics: RMSE=30.4810, SMAPE=67.6628
  Personalized shared-LSTM round 55/100
    -> Bubble 0 shared-LSTM metrics: RMSE=27.4245, SMAPE=57.2342
    -> Bubble 1 shared-LSTM metrics: RMSE=13.7921, SMAPE=81.6412
    -> Bubble 2 shared-LSTM metrics: RMSE=55.8490, SMAPE=36.8139
    -> Bubble 3 shared-LSTM metrics: RMSE=30.9168, SMAPE=68.4437
  Personalized shared-LSTM round 56/100
    -> Bubble 0 shared-LSTM metrics: RMSE=27.4171, SMAPE=57.2244
    -> Bubble 1 shared-LSTM metrics: RMSE=13.9526, SMAPE=81.9494
    -> Bubble 2 shared-LSTM metrics: RMSE=55.8373, SMAPE=36.8090
    -> Bubble 3 shared-LSTM metrics: RMSE=31.0193, SMAPE=68.5441
  Personalized shared-LSTM round 57/100
    -> Bubble 0 shared-LSTM metrics: RMSE=27.3799, SMAPE=57.1998
    -> Bubble 1 shared-LSTM metrics: RMSE=14.1100, SMAPE=82.1675
    -> Bubble 2 shared-LSTM metrics: RMSE=55.8573, SMAPE=36.8252
    -> Bubble 3 shared-LSTM metrics: RMSE=31.2614, SMAPE=68.6523
  Personalized shared-LSTM round 58/100
    -> Bubble 0 shared-LSTM metrics: RMSE=27.3952, SMAPE=57.1841
    -> Bubble 1 shared-LSTM metrics: RMSE=14.1770, SMAPE=82.4895
    -> Bubble 2 shared-LSTM metrics: RMSE=55.7005, SMAPE=36.8674
    -> Bubble 3 shared-LSTM metrics: RMSE=31.4067, SMAPE=68.6957
  Personalized shared-LSTM round 59/100
    -> Bubble 0 shared-LSTM metrics: RMSE=27.3976, SMAPE=57.2344
    -> Bubble 1 shared-LSTM metrics: RMSE=14.2169, SMAPE=82.8384
    -> Bubble 2 shared-LSTM metrics: RMSE=56.2161, SMAPE=36.8706
    -> Bubble 3 shared-LSTM metrics: RMSE=31.5117, SMAPE=68.5476
  Personalized shared-LSTM round 60/100
    -> Bubble 0 shared-LSTM metrics: RMSE=27.3754, SMAPE=57.2085
    -> Bubble 1 shared-LSTM metrics: RMSE=14.2899, SMAPE=82.7650
    -> Bubble 2 shared-LSTM metrics: RMSE=55.7948, SMAPE=36.9357
    -> Bubble 3 shared-LSTM metrics: RMSE=31.9223, SMAPE=68.9245
[Dynamic Recluster] round=60, k_star=13, bubbles=[['CA_1_FOODS_1', 'TX_1_HOBBIES_1', 'CA_1_FOODS_2', 'CA_4_FOODS_3', 'WI_3_HOBBIES_1'], ['TX_3_FOODS_3', 'WI_3_FOODS_2', 'WI_3_HOBBIES_2', 'TX_2_FOODS_1', 'WI_3_HOUSEHOLD_1', 'WI_1_HOUSEHOLD_2', 'CA_3_FOODS_1', 'TX_3_FOODS_2', 'TX_2_HOBBIES_2', 'TX_3_HOUSEHOLD_2', 'WI_2_FOODS_2', 'WI_1_FOODS_1', 'WI_2_HOUSEHOLD_2', 'WI_2_HOBBIES_1', 'TX_2_FOODS_3', 'CA_3_FOODS_2'], ['TX_3_HOUSEHOLD_1', 'CA_1_HOUSEHOLD_2', 'CA_2_HOUSEHOLD_1', 'CA_3_HOUSEHOLD_2', 'TX_2_FOODS_2', 'WI_3_FOODS_1', 'WI_1_HOUSEHOLD_1', 'TX_1_FOODS_2', 'CA_4_FOODS_1', 'WI_2_HOUSEHOLD_1', 'WI_1_FOODS_2', 'CA_3_HOBBIES_1', 'WI_1_FOODS_3', 'CA_3_FOODS_3', 'CA_2_FOODS_1'], ['TX_1_HOBBIES_2', 'WI_3_HOUSEHOLD_2', 'CA_2_HOBBIES_2', 'CA_2_FOODS_3', 'CA_4_HOUSEHOLD_1', 'CA_2_FOODS_2', 'WI_1_HOBBIES_2'], ['WI_2_HOBBIES_2', 'CA_4_HOBBIES_2', 'CA_4_HOBBIES_1', 'TX_3_HOBBIES_2', 'WI_2_FOODS_1'], ['CA_3_HOUSEHOLD_1', 'CA_4_HOUSEHOLD_2', 'TX_2_HOBBIES_1'], ['TX_1_HOUSEHOLD_1', 'TX_2_HOUSEHOLD_1'], ['CA_2_HOBBIES_1', 'CA_1_HOBBIES_1', 'WI_1_HOBBIES_1', 'TX_1_FOODS_3'], ['TX_1_HOUSEHOLD_2', 'TX_3_HOBBIES_1', 'CA_3_HOBBIES_2', 'TX_2_HOUSEHOLD_2', 'CA_1_HOBBIES_2'], ['CA_4_FOODS_2', 'CA_2_HOUSEHOLD_2'], ['WI_3_FOODS_3', 'CA_1_FOODS_3'], ['WI_2_FOODS_3', 'TX_1_FOODS_1'], ['TX_3_FOODS_1', 'CA_1_HOUSEHOLD_1']], isolated=[]
Clustering results saved to outputs/clustering_results.json
  Personalized shared-LSTM round 61/100
    -> Bubble 0 shared-LSTM metrics: RMSE=24.8708, SMAPE=50.0721
    -> Bubble 1 shared-LSTM metrics: RMSE=30.7155, SMAPE=54.7678
    -> Bubble 2 shared-LSTM metrics: RMSE=36.1324, SMAPE=46.1089
    -> Bubble 3 shared-LSTM metrics: RMSE=12.4333, SMAPE=73.6205
    -> Bubble 4 shared-LSTM metrics: RMSE=20.6981, SMAPE=94.3164
    -> Bubble 5 shared-LSTM metrics: RMSE=20.7003, SMAPE=49.3515
    -> Bubble 6 shared-LSTM metrics: RMSE=56.1159, SMAPE=41.7304
    -> Bubble 7 shared-LSTM metrics: RMSE=31.6878, SMAPE=51.8255
    -> Bubble 8 shared-LSTM metrics: RMSE=14.2793, SMAPE=75.9051
    -> Bubble 9 shared-LSTM metrics: RMSE=10.6008, SMAPE=46.9256
    -> Bubble 10 shared-LSTM metrics: RMSE=58.3134, SMAPE=28.1727
    -> Bubble 11 shared-LSTM metrics: RMSE=60.5238, SMAPE=48.0781
    -> Bubble 12 shared-LSTM metrics: RMSE=30.0542, SMAPE=41.9761
  Personalized shared-LSTM round 62/100
    -> Bubble 0 shared-LSTM metrics: RMSE=24.8170, SMAPE=50.1688
    -> Bubble 1 shared-LSTM metrics: RMSE=30.8322, SMAPE=54.9714
    -> Bubble 2 shared-LSTM metrics: RMSE=36.1852, SMAPE=46.1219
    -> Bubble 3 shared-LSTM metrics: RMSE=12.5557, SMAPE=73.8322
    -> Bubble 4 shared-LSTM metrics: RMSE=21.9709, SMAPE=94.3203
    -> Bubble 5 shared-LSTM metrics: RMSE=20.8136, SMAPE=49.4736
    -> Bubble 6 shared-LSTM metrics: RMSE=56.5948, SMAPE=42.1157
    -> Bubble 7 shared-LSTM metrics: RMSE=32.0128, SMAPE=51.9650
    -> Bubble 8 shared-LSTM metrics: RMSE=14.3862, SMAPE=76.2713
    -> Bubble 9 shared-LSTM metrics: RMSE=10.6085, SMAPE=46.8259
    -> Bubble 10 shared-LSTM metrics: RMSE=57.3281, SMAPE=27.7249
    -> Bubble 11 shared-LSTM metrics: RMSE=60.4413, SMAPE=48.2791
    -> Bubble 12 shared-LSTM metrics: RMSE=30.4703, SMAPE=42.4650
  Personalized shared-LSTM round 63/100
    -> Bubble 0 shared-LSTM metrics: RMSE=25.0407, SMAPE=50.4466
    -> Bubble 1 shared-LSTM metrics: RMSE=30.8752, SMAPE=55.0382
    -> Bubble 2 shared-LSTM metrics: RMSE=36.1142, SMAPE=46.0679
    -> Bubble 3 shared-LSTM metrics: RMSE=12.5667, SMAPE=74.2360
    -> Bubble 4 shared-LSTM metrics: RMSE=21.7035, SMAPE=94.9447
    -> Bubble 5 shared-LSTM metrics: RMSE=20.9313, SMAPE=49.4690
    -> Bubble 6 shared-LSTM metrics: RMSE=57.0489, SMAPE=42.3591
    -> Bubble 7 shared-LSTM metrics: RMSE=32.4498, SMAPE=52.4444
    -> Bubble 8 shared-LSTM metrics: RMSE=14.3610, SMAPE=76.4531
    -> Bubble 9 shared-LSTM metrics: RMSE=10.5298, SMAPE=46.7958
    -> Bubble 10 shared-LSTM metrics: RMSE=57.6152, SMAPE=27.9701
    -> Bubble 11 shared-LSTM metrics: RMSE=60.8177, SMAPE=48.7437
    -> Bubble 12 shared-LSTM metrics: RMSE=31.3125, SMAPE=42.8327
  Personalized shared-LSTM round 64/100
    -> Bubble 0 shared-LSTM metrics: RMSE=25.0122, SMAPE=50.4720
    -> Bubble 1 shared-LSTM metrics: RMSE=30.7681, SMAPE=54.8460
    -> Bubble 2 shared-LSTM metrics: RMSE=36.0182, SMAPE=46.1103
    -> Bubble 3 shared-LSTM metrics: RMSE=12.6390, SMAPE=74.3863
    -> Bubble 4 shared-LSTM metrics: RMSE=22.6896, SMAPE=95.4938
    -> Bubble 5 shared-LSTM metrics: RMSE=21.0273, SMAPE=49.6854
    -> Bubble 6 shared-LSTM metrics: RMSE=56.9384, SMAPE=42.3499
    -> Bubble 7 shared-LSTM metrics: RMSE=32.4789, SMAPE=52.4762
    -> Bubble 8 shared-LSTM metrics: RMSE=14.3988, SMAPE=76.5614
    -> Bubble 9 shared-LSTM metrics: RMSE=10.6859, SMAPE=47.0995
    -> Bubble 10 shared-LSTM metrics: RMSE=63.9321, SMAPE=33.8910
    -> Bubble 11 shared-LSTM metrics: RMSE=60.6307, SMAPE=49.0733
    -> Bubble 12 shared-LSTM metrics: RMSE=31.1530, SMAPE=42.9704
  Personalized shared-LSTM round 65/100
    -> Bubble 0 shared-LSTM metrics: RMSE=25.0923, SMAPE=50.4231
    -> Bubble 1 shared-LSTM metrics: RMSE=30.8395, SMAPE=55.1217
    -> Bubble 2 shared-LSTM metrics: RMSE=36.1667, SMAPE=46.0921
    -> Bubble 3 shared-LSTM metrics: RMSE=12.6271, SMAPE=74.7267
    -> Bubble 4 shared-LSTM metrics: RMSE=23.2713, SMAPE=95.2373
    -> Bubble 5 shared-LSTM metrics: RMSE=21.1351, SMAPE=49.5104
    -> Bubble 6 shared-LSTM metrics: RMSE=57.2269, SMAPE=42.4546
    -> Bubble 7 shared-LSTM metrics: RMSE=32.4988, SMAPE=52.8926
    -> Bubble 8 shared-LSTM metrics: RMSE=14.4712, SMAPE=77.0924
    -> Bubble 9 shared-LSTM metrics: RMSE=10.7886, SMAPE=46.8700
    -> Bubble 10 shared-LSTM metrics: RMSE=57.2753, SMAPE=27.7160
    -> Bubble 11 shared-LSTM metrics: RMSE=60.8576, SMAPE=49.1983
    -> Bubble 12 shared-LSTM metrics: RMSE=31.2843, SMAPE=42.6351
  Personalized shared-LSTM round 66/100
    -> Bubble 0 shared-LSTM metrics: RMSE=25.2993, SMAPE=50.6250
    -> Bubble 1 shared-LSTM metrics: RMSE=30.8986, SMAPE=54.8862
    -> Bubble 2 shared-LSTM metrics: RMSE=36.1660, SMAPE=46.1111
    -> Bubble 3 shared-LSTM metrics: RMSE=12.6792, SMAPE=74.9131
    -> Bubble 4 shared-LSTM metrics: RMSE=23.2862, SMAPE=95.1214
    -> Bubble 5 shared-LSTM metrics: RMSE=21.2505, SMAPE=49.5066
    -> Bubble 6 shared-LSTM metrics: RMSE=57.4363, SMAPE=42.4932
    -> Bubble 7 shared-LSTM metrics: RMSE=33.0166, SMAPE=52.9360
    -> Bubble 8 shared-LSTM metrics: RMSE=14.3834, SMAPE=77.0450
    -> Bubble 9 shared-LSTM metrics: RMSE=10.9680, SMAPE=47.4283
    -> Bubble 10 shared-LSTM metrics: RMSE=57.8302, SMAPE=28.0966
    -> Bubble 11 shared-LSTM metrics: RMSE=61.0679, SMAPE=49.4869
    -> Bubble 12 shared-LSTM metrics: RMSE=31.2039, SMAPE=43.0004
  Personalized shared-LSTM round 67/100
    -> Bubble 0 shared-LSTM metrics: RMSE=25.3482, SMAPE=50.7320
    -> Bubble 1 shared-LSTM metrics: RMSE=31.0059, SMAPE=54.8695
    -> Bubble 2 shared-LSTM metrics: RMSE=36.0544, SMAPE=46.1624
    -> Bubble 3 shared-LSTM metrics: RMSE=12.6807, SMAPE=75.0388
    -> Bubble 4 shared-LSTM metrics: RMSE=23.7028, SMAPE=94.9943
    -> Bubble 5 shared-LSTM metrics: RMSE=21.1960, SMAPE=49.5929
    -> Bubble 6 shared-LSTM metrics: RMSE=57.5216, SMAPE=42.6358
    -> Bubble 7 shared-LSTM metrics: RMSE=33.3882, SMAPE=53.2866
    -> Bubble 8 shared-LSTM metrics: RMSE=14.3583, SMAPE=76.9071
    -> Bubble 9 shared-LSTM metrics: RMSE=10.9786, SMAPE=47.5180
    -> Bubble 10 shared-LSTM metrics: RMSE=57.9141, SMAPE=27.9702
    -> Bubble 11 shared-LSTM metrics: RMSE=61.1653, SMAPE=49.4805
    -> Bubble 12 shared-LSTM metrics: RMSE=32.2345, SMAPE=42.2736
  Personalized shared-LSTM round 68/100
    -> Bubble 0 shared-LSTM metrics: RMSE=25.2215, SMAPE=50.8913
    -> Bubble 1 shared-LSTM metrics: RMSE=30.9557, SMAPE=54.8934
    -> Bubble 2 shared-LSTM metrics: RMSE=36.1754, SMAPE=46.1499
    -> Bubble 3 shared-LSTM metrics: RMSE=12.6712, SMAPE=75.1287
    -> Bubble 4 shared-LSTM metrics: RMSE=23.5001, SMAPE=95.7110
    -> Bubble 5 shared-LSTM metrics: RMSE=21.2280, SMAPE=49.4687
    -> Bubble 6 shared-LSTM metrics: RMSE=58.3414, SMAPE=43.1146
    -> Bubble 7 shared-LSTM metrics: RMSE=33.4960, SMAPE=53.2982
    -> Bubble 8 shared-LSTM metrics: RMSE=14.5567, SMAPE=77.4874
    -> Bubble 9 shared-LSTM metrics: RMSE=10.9784, SMAPE=47.3208
    -> Bubble 10 shared-LSTM metrics: RMSE=58.2813, SMAPE=27.9452
    -> Bubble 11 shared-LSTM metrics: RMSE=61.9359, SMAPE=50.4456
    -> Bubble 12 shared-LSTM metrics: RMSE=32.0869, SMAPE=42.0045
  Personalized shared-LSTM round 69/100
    -> Bubble 0 shared-LSTM metrics: RMSE=25.3226, SMAPE=50.6226
    -> Bubble 1 shared-LSTM metrics: RMSE=31.1118, SMAPE=55.0284
    -> Bubble 2 shared-LSTM metrics: RMSE=36.1570, SMAPE=46.2309
    -> Bubble 3 shared-LSTM metrics: RMSE=12.6938, SMAPE=75.1316
    -> Bubble 4 shared-LSTM metrics: RMSE=23.5420, SMAPE=95.2810
    -> Bubble 5 shared-LSTM metrics: RMSE=21.3683, SMAPE=49.5809
    -> Bubble 6 shared-LSTM metrics: RMSE=58.0408, SMAPE=43.0176
    -> Bubble 7 shared-LSTM metrics: RMSE=33.5782, SMAPE=53.5388
    -> Bubble 8 shared-LSTM metrics: RMSE=14.5355, SMAPE=77.3996
    -> Bubble 9 shared-LSTM metrics: RMSE=11.0355, SMAPE=47.4827
    -> Bubble 10 shared-LSTM metrics: RMSE=59.2277, SMAPE=28.7489
    -> Bubble 11 shared-LSTM metrics: RMSE=62.1999, SMAPE=50.1841
    -> Bubble 12 shared-LSTM metrics: RMSE=32.4305, SMAPE=42.6568
  Personalized shared-LSTM round 70/100
    -> Bubble 0 shared-LSTM metrics: RMSE=25.2109, SMAPE=50.8952
    -> Bubble 1 shared-LSTM metrics: RMSE=31.1062, SMAPE=55.0457
    -> Bubble 2 shared-LSTM metrics: RMSE=36.1257, SMAPE=46.1850
    -> Bubble 3 shared-LSTM metrics: RMSE=12.6009, SMAPE=75.4075
    -> Bubble 4 shared-LSTM metrics: RMSE=23.7672, SMAPE=95.3411
    -> Bubble 5 shared-LSTM metrics: RMSE=21.4615, SMAPE=49.6912
    -> Bubble 6 shared-LSTM metrics: RMSE=57.7665, SMAPE=42.9771
    -> Bubble 7 shared-LSTM metrics: RMSE=33.7286, SMAPE=53.6693
    -> Bubble 8 shared-LSTM metrics: RMSE=14.6186, SMAPE=77.7761
    -> Bubble 9 shared-LSTM metrics: RMSE=11.0164, SMAPE=47.0444
    -> Bubble 10 shared-LSTM metrics: RMSE=59.2877, SMAPE=28.3900
    -> Bubble 11 shared-LSTM metrics: RMSE=62.5091, SMAPE=50.2216
    -> Bubble 12 shared-LSTM metrics: RMSE=32.2802, SMAPE=42.6347
[Dynamic Recluster] round=70, k_star=2, bubbles=[['CA_1_FOODS_1', 'TX_1_HOBBIES_1', 'CA_1_FOODS_2', 'CA_4_FOODS_3', 'WI_3_HOBBIES_1', 'TX_3_FOODS_3', 'WI_3_FOODS_2', 'WI_3_HOBBIES_2', 'TX_2_FOODS_1', 'WI_3_HOUSEHOLD_1', 'WI_1_HOUSEHOLD_2', 'CA_3_FOODS_1', 'TX_3_FOODS_2', 'TX_2_HOBBIES_2', 'TX_3_HOUSEHOLD_2', 'WI_2_FOODS_2', 'WI_1_FOODS_1', 'WI_2_HOUSEHOLD_2', 'WI_2_HOBBIES_1', 'TX_2_FOODS_3', 'CA_3_FOODS_2', 'TX_3_HOUSEHOLD_1', 'CA_1_HOUSEHOLD_2', 'CA_2_HOUSEHOLD_1', 'CA_3_HOUSEHOLD_2', 'TX_2_FOODS_2', 'WI_3_FOODS_1', 'WI_1_HOUSEHOLD_1', 'TX_1_FOODS_2', 'CA_4_FOODS_1', 'WI_2_HOUSEHOLD_1', 'WI_1_FOODS_2', 'CA_3_HOBBIES_1', 'WI_1_FOODS_3', 'CA_3_FOODS_3', 'CA_2_FOODS_1', 'TX_1_HOBBIES_2', 'WI_3_HOUSEHOLD_2', 'CA_2_HOBBIES_2', 'CA_2_FOODS_3', 'CA_4_HOUSEHOLD_1', 'CA_2_FOODS_2', 'WI_1_HOBBIES_2', 'WI_2_HOBBIES_2', 'CA_4_HOBBIES_2', 'CA_4_HOBBIES_1', 'TX_3_HOBBIES_2', 'WI_2_FOODS_1', 'CA_3_HOUSEHOLD_1', 'CA_4_HOUSEHOLD_2', 'TX_2_HOBBIES_1', 'TX_1_HOUSEHOLD_1', 'TX_2_HOUSEHOLD_1', 'CA_2_HOBBIES_1', 'CA_1_HOBBIES_1', 'WI_1_HOBBIES_1', 'TX_1_FOODS_3', 'TX_1_HOUSEHOLD_2', 'TX_3_HOBBIES_1', 'CA_3_HOBBIES_2', 'TX_2_HOUSEHOLD_2', 'CA_4_FOODS_2', 'CA_2_HOUSEHOLD_2', 'WI_3_FOODS_3', 'CA_1_FOODS_3', 'WI_2_FOODS_3', 'TX_1_FOODS_1', 'TX_3_FOODS_1', 'CA_1_HOUSEHOLD_1'], ['CA_1_HOBBIES_2']], isolated=['CA_1_HOBBIES_2']
Clustering results saved to outputs/clustering_results.json
  Personalized shared-LSTM round 71/100
    -> Bubble 0 shared-LSTM metrics: RMSE=30.1666, SMAPE=56.4766
    -> Bubble 1 shared-LSTM metrics: RMSE=9.3642, SMAPE=99.7616
  Personalized shared-LSTM round 72/100
    -> Bubble 0 shared-LSTM metrics: RMSE=30.0500, SMAPE=56.2584
    -> Bubble 1 shared-LSTM metrics: RMSE=9.5163, SMAPE=99.7753
  Personalized shared-LSTM round 73/100
    -> Bubble 0 shared-LSTM metrics: RMSE=29.9582, SMAPE=56.2161
    -> Bubble 1 shared-LSTM metrics: RMSE=9.6629, SMAPE=102.0377
  Personalized shared-LSTM round 74/100
    -> Bubble 0 shared-LSTM metrics: RMSE=29.9525, SMAPE=56.1783
    -> Bubble 1 shared-LSTM metrics: RMSE=9.9873, SMAPE=102.6982
  Personalized shared-LSTM round 75/100
    -> Bubble 0 shared-LSTM metrics: RMSE=29.9450, SMAPE=56.1908
    -> Bubble 1 shared-LSTM metrics: RMSE=10.0269, SMAPE=103.3573
  Personalized shared-LSTM round 76/100
    -> Bubble 0 shared-LSTM metrics: RMSE=29.9111, SMAPE=56.1784
    -> Bubble 1 shared-LSTM metrics: RMSE=10.2746, SMAPE=103.2840
  Personalized shared-LSTM round 77/100
    -> Bubble 0 shared-LSTM metrics: RMSE=29.9164, SMAPE=56.2069
    -> Bubble 1 shared-LSTM metrics: RMSE=10.4810, SMAPE=103.9165
  Personalized shared-LSTM round 78/100
    -> Bubble 0 shared-LSTM metrics: RMSE=29.8913, SMAPE=56.1629
    -> Bubble 1 shared-LSTM metrics: RMSE=10.6347, SMAPE=104.0256
  Personalized shared-LSTM round 79/100
    -> Bubble 0 shared-LSTM metrics: RMSE=29.8765, SMAPE=56.1990
    -> Bubble 1 shared-LSTM metrics: RMSE=10.6903, SMAPE=105.6184
  Personalized shared-LSTM round 80/100
    -> Bubble 0 shared-LSTM metrics: RMSE=29.8258, SMAPE=56.1487
    -> Bubble 1 shared-LSTM metrics: RMSE=10.8460, SMAPE=104.7956
[Dynamic Recluster] round=80, k_star=12, bubbles=[['CA_1_FOODS_1', 'TX_1_HOBBIES_1', 'WI_3_HOBBIES_1', 'CA_3_FOODS_1', 'TX_3_FOODS_2', 'TX_3_HOUSEHOLD_2', 'WI_1_FOODS_1', 'WI_2_HOUSEHOLD_2', 'WI_2_HOBBIES_1', 'CA_4_FOODS_1', 'CA_3_FOODS_3', 'TX_2_HOBBIES_1', 'CA_3_HOBBIES_2', 'CA_1_FOODS_3', 'TX_1_FOODS_1'], ['CA_1_FOODS_2', 'WI_3_FOODS_2', 'WI_3_HOUSEHOLD_1', 'WI_1_HOUSEHOLD_2', 'TX_2_HOBBIES_2', 'WI_2_FOODS_2', 'CA_3_FOODS_2', 'TX_3_HOUSEHOLD_1', 'CA_1_HOUSEHOLD_2', 'CA_3_HOUSEHOLD_2', 'WI_3_FOODS_1', 'WI_1_HOUSEHOLD_1', 'WI_1_FOODS_2', 'WI_2_FOODS_1', 'TX_2_HOUSEHOLD_1', 'WI_2_FOODS_3'], ['CA_4_FOODS_3', 'WI_1_FOODS_3', 'TX_1_FOODS_3', 'TX_2_HOUSEHOLD_2'], ['TX_3_FOODS_3', 'TX_2_FOODS_3'], ['WI_3_HOBBIES_2', 'WI_2_HOUSEHOLD_1', 'CA_2_FOODS_1', 'WI_2_HOBBIES_2', 'CA_4_HOBBIES_2', 'CA_4_HOBBIES_1', 'TX_3_HOBBIES_2', 'CA_1_HOBBIES_1', 'CA_1_HOBBIES_2'], ['TX_2_FOODS_1', 'TX_1_HOUSEHOLD_1', 'CA_4_FOODS_2', 'CA_2_HOUSEHOLD_2'], ['CA_2_HOUSEHOLD_1', 'WI_1_HOBBIES_2', 'CA_3_HOUSEHOLD_1'], ['TX_2_FOODS_2', 'CA_3_HOBBIES_1', 'TX_1_HOBBIES_2', 'WI_3_HOUSEHOLD_2', 'CA_2_HOBBIES_2', 'CA_2_FOODS_3', 'CA_4_HOUSEHOLD_1', 'CA_2_FOODS_2'], ['TX_1_FOODS_2', 'CA_4_HOUSEHOLD_2'], ['CA_2_HOBBIES_1', 'WI_1_HOBBIES_1'], ['TX_1_HOUSEHOLD_2', 'TX_3_FOODS_1'], ['TX_3_HOBBIES_1', 'WI_3_FOODS_3', 'CA_1_HOUSEHOLD_1']], isolated=[]
Clustering results saved to outputs/clustering_results.json
  Personalized shared-LSTM round 81/100
    -> Bubble 0 shared-LSTM metrics: RMSE=35.4995, SMAPE=56.5424
    -> Bubble 1 shared-LSTM metrics: RMSE=36.4875, SMAPE=53.0803
    -> Bubble 2 shared-LSTM metrics: RMSE=27.9139, SMAPE=34.3887
    -> Bubble 3 shared-LSTM metrics: RMSE=39.6363, SMAPE=24.4723
    -> Bubble 4 shared-LSTM metrics: RMSE=20.1568, SMAPE=83.6248
    -> Bubble 5 shared-LSTM metrics: RMSE=29.5512, SMAPE=44.2061
    -> Bubble 6 shared-LSTM metrics: RMSE=25.2870, SMAPE=68.2283
    -> Bubble 7 shared-LSTM metrics: RMSE=18.8097, SMAPE=61.2497
    -> Bubble 8 shared-LSTM metrics: RMSE=11.1820, SMAPE=63.3832
    -> Bubble 9 shared-LSTM metrics: RMSE=18.0574, SMAPE=52.9551
    -> Bubble 10 shared-LSTM metrics: RMSE=31.1839, SMAPE=53.0399
    -> Bubble 11 shared-LSTM metrics: RMSE=34.4290, SMAPE=37.7192
  Personalized shared-LSTM round 82/100
    -> Bubble 0 shared-LSTM metrics: RMSE=35.4985, SMAPE=56.4720
    -> Bubble 1 shared-LSTM metrics: RMSE=36.5211, SMAPE=53.2193
    -> Bubble 2 shared-LSTM metrics: RMSE=28.0424, SMAPE=34.3305
    -> Bubble 3 shared-LSTM metrics: RMSE=40.2238, SMAPE=24.8835
    -> Bubble 4 shared-LSTM metrics: RMSE=20.3058, SMAPE=83.6760
    -> Bubble 5 shared-LSTM metrics: RMSE=29.5148, SMAPE=44.6235
    -> Bubble 6 shared-LSTM metrics: RMSE=25.3457, SMAPE=68.5160
    -> Bubble 7 shared-LSTM metrics: RMSE=18.8806, SMAPE=61.4505
    -> Bubble 8 shared-LSTM metrics: RMSE=11.6467, SMAPE=64.6979
    -> Bubble 9 shared-LSTM metrics: RMSE=18.4350, SMAPE=53.2714
    -> Bubble 10 shared-LSTM metrics: RMSE=31.7347, SMAPE=53.4773
    -> Bubble 11 shared-LSTM metrics: RMSE=33.7499, SMAPE=37.4192
  Personalized shared-LSTM round 83/100
    -> Bubble 0 shared-LSTM metrics: RMSE=35.7948, SMAPE=56.4876
    -> Bubble 1 shared-LSTM metrics: RMSE=36.4802, SMAPE=53.1755
    -> Bubble 2 shared-LSTM metrics: RMSE=28.2102, SMAPE=34.3541
    -> Bubble 3 shared-LSTM metrics: RMSE=39.9002, SMAPE=24.4364
    -> Bubble 4 shared-LSTM metrics: RMSE=20.3989, SMAPE=83.4618
    -> Bubble 5 shared-LSTM metrics: RMSE=29.6271, SMAPE=44.7575
    -> Bubble 6 shared-LSTM metrics: RMSE=25.4095, SMAPE=68.5784
    -> Bubble 7 shared-LSTM metrics: RMSE=18.9688, SMAPE=61.5640
    -> Bubble 8 shared-LSTM metrics: RMSE=11.8542, SMAPE=65.8698
    -> Bubble 9 shared-LSTM metrics: RMSE=18.7765, SMAPE=53.6771
    -> Bubble 10 shared-LSTM metrics: RMSE=31.8096, SMAPE=54.5126
    -> Bubble 11 shared-LSTM metrics: RMSE=33.9871, SMAPE=37.5525
  Personalized shared-LSTM round 84/100
    -> Bubble 0 shared-LSTM metrics: RMSE=35.6243, SMAPE=56.4029
    -> Bubble 1 shared-LSTM metrics: RMSE=36.5730, SMAPE=53.2354
    -> Bubble 2 shared-LSTM metrics: RMSE=28.4833, SMAPE=34.4951
    -> Bubble 3 shared-LSTM metrics: RMSE=39.8330, SMAPE=24.4295
    -> Bubble 4 shared-LSTM metrics: RMSE=20.4563, SMAPE=83.5979
    -> Bubble 5 shared-LSTM metrics: RMSE=29.6799, SMAPE=44.7088
    -> Bubble 6 shared-LSTM metrics: RMSE=25.6416, SMAPE=68.7031
    -> Bubble 7 shared-LSTM metrics: RMSE=19.0704, SMAPE=61.5452
    -> Bubble 8 shared-LSTM metrics: RMSE=11.9794, SMAPE=65.8977
    -> Bubble 9 shared-LSTM metrics: RMSE=19.0244, SMAPE=53.9932
    -> Bubble 10 shared-LSTM metrics: RMSE=32.1878, SMAPE=54.7383
    -> Bubble 11 shared-LSTM metrics: RMSE=33.6168, SMAPE=37.3919
  Personalized shared-LSTM round 85/100
    -> Bubble 0 shared-LSTM metrics: RMSE=35.7511, SMAPE=56.4862
    -> Bubble 1 shared-LSTM metrics: RMSE=36.4710, SMAPE=53.1304
    -> Bubble 2 shared-LSTM metrics: RMSE=28.4455, SMAPE=34.4147
    -> Bubble 3 shared-LSTM metrics: RMSE=39.4626, SMAPE=24.1842
    -> Bubble 4 shared-LSTM metrics: RMSE=20.4722, SMAPE=83.6223
    -> Bubble 5 shared-LSTM metrics: RMSE=29.7160, SMAPE=45.0936
    -> Bubble 6 shared-LSTM metrics: RMSE=25.7011, SMAPE=68.9859
    -> Bubble 7 shared-LSTM metrics: RMSE=18.9554, SMAPE=61.6373
    -> Bubble 8 shared-LSTM metrics: RMSE=12.0677, SMAPE=66.1988
    -> Bubble 9 shared-LSTM metrics: RMSE=19.0970, SMAPE=54.2772
    -> Bubble 10 shared-LSTM metrics: RMSE=32.4906, SMAPE=55.3096
    -> Bubble 11 shared-LSTM metrics: RMSE=34.0949, SMAPE=37.6824
  Personalized shared-LSTM round 86/100
    -> Bubble 0 shared-LSTM metrics: RMSE=35.5872, SMAPE=56.4404
    -> Bubble 1 shared-LSTM metrics: RMSE=36.4957, SMAPE=53.2189
    -> Bubble 2 shared-LSTM metrics: RMSE=28.4439, SMAPE=34.4692
    -> Bubble 3 shared-LSTM metrics: RMSE=39.0113, SMAPE=24.0782
    -> Bubble 4 shared-LSTM metrics: RMSE=20.5828, SMAPE=83.7751
    -> Bubble 5 shared-LSTM metrics: RMSE=29.7737, SMAPE=45.0428
    -> Bubble 6 shared-LSTM metrics: RMSE=25.9987, SMAPE=68.9203
    -> Bubble 7 shared-LSTM metrics: RMSE=18.9394, SMAPE=61.9052
    -> Bubble 8 shared-LSTM metrics: RMSE=12.4934, SMAPE=66.6271
    -> Bubble 9 shared-LSTM metrics: RMSE=19.2709, SMAPE=54.5574
    -> Bubble 10 shared-LSTM metrics: RMSE=32.4461, SMAPE=55.0555
    -> Bubble 11 shared-LSTM metrics: RMSE=33.3156, SMAPE=37.3417
  Personalized shared-LSTM round 87/100
    -> Bubble 0 shared-LSTM metrics: RMSE=35.6876, SMAPE=56.4969
    -> Bubble 1 shared-LSTM metrics: RMSE=36.5263, SMAPE=53.3637
    -> Bubble 2 shared-LSTM metrics: RMSE=28.9226, SMAPE=34.4394
    -> Bubble 3 shared-LSTM metrics: RMSE=38.8905, SMAPE=24.0362
    -> Bubble 4 shared-LSTM metrics: RMSE=20.6511, SMAPE=83.8853
    -> Bubble 5 shared-LSTM metrics: RMSE=29.8153, SMAPE=45.0542
    -> Bubble 6 shared-LSTM metrics: RMSE=26.1623, SMAPE=68.9627
    -> Bubble 7 shared-LSTM metrics: RMSE=18.9203, SMAPE=61.7218
    -> Bubble 8 shared-LSTM metrics: RMSE=12.5895, SMAPE=67.2472
    -> Bubble 9 shared-LSTM metrics: RMSE=19.4961, SMAPE=54.5807
    -> Bubble 10 shared-LSTM metrics: RMSE=32.7450, SMAPE=55.5821
    -> Bubble 11 shared-LSTM metrics: RMSE=33.8624, SMAPE=37.2734
  Personalized shared-LSTM round 88/100
    -> Bubble 0 shared-LSTM metrics: RMSE=35.5229, SMAPE=56.4629
    -> Bubble 1 shared-LSTM metrics: RMSE=36.4887, SMAPE=53.2881
    -> Bubble 2 shared-LSTM metrics: RMSE=28.9772, SMAPE=34.4798
    -> Bubble 3 shared-LSTM metrics: RMSE=38.5284, SMAPE=23.9219
    -> Bubble 4 shared-LSTM metrics: RMSE=20.6077, SMAPE=83.7681
    -> Bubble 5 shared-LSTM metrics: RMSE=30.0495, SMAPE=45.3492
    -> Bubble 6 shared-LSTM metrics: RMSE=26.3761, SMAPE=68.9078
    -> Bubble 7 shared-LSTM metrics: RMSE=18.9773, SMAPE=61.8473
    -> Bubble 8 shared-LSTM metrics: RMSE=12.6587, SMAPE=67.4792
    -> Bubble 9 shared-LSTM metrics: RMSE=19.7276, SMAPE=54.8123
    -> Bubble 10 shared-LSTM metrics: RMSE=32.9895, SMAPE=55.5223
    -> Bubble 11 shared-LSTM metrics: RMSE=34.4917, SMAPE=37.6062
  Personalized shared-LSTM round 89/100
    -> Bubble 0 shared-LSTM metrics: RMSE=35.3586, SMAPE=56.5323
    -> Bubble 1 shared-LSTM metrics: RMSE=36.5607, SMAPE=53.3481
    -> Bubble 2 shared-LSTM metrics: RMSE=29.1441, SMAPE=34.5557
    -> Bubble 3 shared-LSTM metrics: RMSE=39.4013, SMAPE=24.0833
    -> Bubble 4 shared-LSTM metrics: RMSE=20.6484, SMAPE=83.7934
    -> Bubble 5 shared-LSTM metrics: RMSE=30.1867, SMAPE=45.3298
    -> Bubble 6 shared-LSTM metrics: RMSE=26.3500, SMAPE=68.9727
    -> Bubble 7 shared-LSTM metrics: RMSE=18.9808, SMAPE=61.9553
    -> Bubble 8 shared-LSTM metrics: RMSE=12.5787, SMAPE=67.2823
    -> Bubble 9 shared-LSTM metrics: RMSE=19.9312, SMAPE=54.9545
    -> Bubble 10 shared-LSTM metrics: RMSE=33.0341, SMAPE=55.4387
    -> Bubble 11 shared-LSTM metrics: RMSE=34.3041, SMAPE=37.8327
  Personalized shared-LSTM round 90/100
    -> Bubble 0 shared-LSTM metrics: RMSE=35.4256, SMAPE=56.5666
    -> Bubble 1 shared-LSTM metrics: RMSE=36.5358, SMAPE=53.4397
    -> Bubble 2 shared-LSTM metrics: RMSE=29.5026, SMAPE=34.6008
    -> Bubble 3 shared-LSTM metrics: RMSE=38.9514, SMAPE=24.0972
    -> Bubble 4 shared-LSTM metrics: RMSE=20.6396, SMAPE=83.6455
    -> Bubble 5 shared-LSTM metrics: RMSE=30.0781, SMAPE=45.1559
    -> Bubble 6 shared-LSTM metrics: RMSE=26.3936, SMAPE=68.9214
    -> Bubble 7 shared-LSTM metrics: RMSE=19.1489, SMAPE=61.9606
    -> Bubble 8 shared-LSTM metrics: RMSE=12.6697, SMAPE=67.7560
    -> Bubble 9 shared-LSTM metrics: RMSE=19.9686, SMAPE=55.0305
    -> Bubble 10 shared-LSTM metrics: RMSE=32.8513, SMAPE=55.5447
    -> Bubble 11 shared-LSTM metrics: RMSE=33.6794, SMAPE=37.2903
[Dynamic Recluster] round=90, k_star=2, bubbles=[['CA_1_FOODS_1', 'TX_1_HOBBIES_1', 'WI_3_HOBBIES_1', 'CA_3_FOODS_1', 'TX_3_FOODS_2', 'TX_3_HOUSEHOLD_2', 'WI_1_FOODS_1', 'WI_2_HOUSEHOLD_2', 'WI_2_HOBBIES_1', 'CA_4_FOODS_1', 'CA_3_FOODS_3', 'TX_2_HOBBIES_1', 'CA_3_HOBBIES_2', 'CA_1_FOODS_3', 'TX_1_FOODS_1', 'CA_1_FOODS_2', 'WI_3_FOODS_2', 'WI_3_HOUSEHOLD_1', 'WI_1_HOUSEHOLD_2', 'TX_2_HOBBIES_2', 'WI_2_FOODS_2', 'CA_3_FOODS_2', 'TX_3_HOUSEHOLD_1', 'CA_1_HOUSEHOLD_2', 'CA_3_HOUSEHOLD_2', 'WI_3_FOODS_1', 'WI_1_HOUSEHOLD_1', 'WI_1_FOODS_2', 'WI_2_FOODS_1', 'TX_2_HOUSEHOLD_1', 'WI_2_FOODS_3', 'CA_4_FOODS_3', 'WI_1_FOODS_3', 'TX_1_FOODS_3', 'TX_2_HOUSEHOLD_2', 'TX_2_FOODS_3', 'WI_3_HOBBIES_2', 'WI_2_HOUSEHOLD_1', 'CA_2_FOODS_1', 'WI_2_HOBBIES_2', 'CA_4_HOBBIES_2', 'CA_4_HOBBIES_1', 'TX_3_HOBBIES_2', 'CA_1_HOBBIES_1', 'CA_1_HOBBIES_2', 'TX_2_FOODS_1', 'TX_1_HOUSEHOLD_1', 'CA_4_FOODS_2', 'CA_2_HOUSEHOLD_2', 'CA_2_HOUSEHOLD_1', 'WI_1_HOBBIES_2', 'CA_3_HOUSEHOLD_1', 'TX_2_FOODS_2', 'CA_3_HOBBIES_1', 'TX_1_HOBBIES_2', 'WI_3_HOUSEHOLD_2', 'CA_2_HOBBIES_2', 'CA_2_FOODS_3', 'CA_4_HOUSEHOLD_1', 'CA_2_FOODS_2', 'TX_1_FOODS_2', 'CA_4_HOUSEHOLD_2', 'CA_2_HOBBIES_1', 'WI_1_HOBBIES_1', 'TX_1_HOUSEHOLD_2', 'TX_3_FOODS_1', 'TX_3_HOBBIES_1', 'WI_3_FOODS_3', 'CA_1_HOUSEHOLD_1'], ['TX_3_FOODS_3']], isolated=['TX_3_FOODS_3']
Clustering results saved to outputs/clustering_results.json
  Personalized shared-LSTM round 91/100
    -> Bubble 0 shared-LSTM metrics: RMSE=29.5964, SMAPE=57.7934
    -> Bubble 1 shared-LSTM metrics: RMSE=30.0854, SMAPE=16.7631
  Personalized shared-LSTM round 92/100
    -> Bubble 0 shared-LSTM metrics: RMSE=29.5281, SMAPE=57.6147
    -> Bubble 1 shared-LSTM metrics: RMSE=30.3626, SMAPE=17.0484
  Personalized shared-LSTM round 93/100
    -> Bubble 0 shared-LSTM metrics: RMSE=29.4354, SMAPE=57.5277
    -> Bubble 1 shared-LSTM metrics: RMSE=30.3071, SMAPE=17.1245
  Personalized shared-LSTM round 94/100
    -> Bubble 0 shared-LSTM metrics: RMSE=29.4252, SMAPE=57.5091
    -> Bubble 1 shared-LSTM metrics: RMSE=29.8026, SMAPE=16.8369
  Personalized shared-LSTM round 95/100
    -> Bubble 0 shared-LSTM metrics: RMSE=29.3764, SMAPE=57.5077
    -> Bubble 1 shared-LSTM metrics: RMSE=30.9348, SMAPE=17.3426
  Personalized shared-LSTM round 96/100
    -> Bubble 0 shared-LSTM metrics: RMSE=29.4180, SMAPE=57.5013
    -> Bubble 1 shared-LSTM metrics: RMSE=30.7198, SMAPE=17.3490
  Personalized shared-LSTM round 97/100
    -> Bubble 0 shared-LSTM metrics: RMSE=29.3903, SMAPE=57.4489
    -> Bubble 1 shared-LSTM metrics: RMSE=30.6439, SMAPE=17.1621
  Personalized shared-LSTM round 98/100
    -> Bubble 0 shared-LSTM metrics: RMSE=29.3946, SMAPE=57.3850
    -> Bubble 1 shared-LSTM metrics: RMSE=30.6924, SMAPE=17.0981
  Personalized shared-LSTM round 99/100
    -> Bubble 0 shared-LSTM metrics: RMSE=29.3808, SMAPE=57.4316
    -> Bubble 1 shared-LSTM metrics: RMSE=32.0623, SMAPE=18.0734
  Personalized shared-LSTM round 100/100
    -> Bubble 0 shared-LSTM metrics: RMSE=29.3432, SMAPE=57.3877
    -> Bubble 1 shared-LSTM metrics: RMSE=31.8662, SMAPE=17.8851
    -> Client CA_1_FOODS_1 personalized head metrics: RMSE=33.7410, SMAPE=37.2017
    -> Client TX_1_HOBBIES_1 personalized head metrics: RMSE=15.1532, SMAPE=66.5328
    -> Client WI_3_HOBBIES_1 personalized head metrics: RMSE=12.2947, SMAPE=60.4418
    -> Client CA_3_FOODS_1 personalized head metrics: RMSE=38.6071, SMAPE=44.3177
    -> Client TX_3_FOODS_2 personalized head metrics: RMSE=37.3080, SMAPE=41.4728
    -> Client TX_3_HOUSEHOLD_2 personalized head metrics: RMSE=4.6925, SMAPE=52.6691
    -> Client WI_1_FOODS_1 personalized head metrics: RMSE=30.0352, SMAPE=62.1749
    -> Client WI_2_HOUSEHOLD_2 personalized head metrics: RMSE=7.3013, SMAPE=48.4422
    -> Client WI_2_HOBBIES_1 personalized head metrics: RMSE=18.0885, SMAPE=58.9028
    -> Client CA_4_FOODS_1 personalized head metrics: RMSE=23.1832, SMAPE=43.9076
    -> Client CA_3_FOODS_3 personalized head metrics: RMSE=135.2086, SMAPE=48.0917
    -> Client TX_2_HOBBIES_1 personalized head metrics: RMSE=17.0434, SMAPE=61.3711
    -> Client CA_3_HOBBIES_2 personalized head metrics: RMSE=10.3482, SMAPE=106.2156
    -> Client CA_1_FOODS_3 personalized head metrics: RMSE=90.9277, SMAPE=43.5583
    -> Client TX_1_FOODS_1 personalized head metrics: RMSE=28.2459, SMAPE=52.6718
    -> Client CA_1_FOODS_2 personalized head metrics: RMSE=31.6721, SMAPE=46.8659
    -> Client WI_3_FOODS_2 personalized head metrics: RMSE=40.7081, SMAPE=66.5942
    -> Client WI_3_HOUSEHOLD_1 personalized head metrics: RMSE=34.0249, SMAPE=44.7124
    -> Client WI_1_HOUSEHOLD_2 personalized head metrics: RMSE=4.1342, SMAPE=46.0808
    -> Client TX_2_HOBBIES_2 personalized head metrics: RMSE=16.0666, SMAPE=98.6108
    -> Client WI_2_FOODS_2 personalized head metrics: RMSE=36.4067, SMAPE=58.4901
    -> Client CA_3_FOODS_2 personalized head metrics: RMSE=57.2908, SMAPE=34.5167
    -> Client TX_3_HOUSEHOLD_1 personalized head metrics: RMSE=43.1104, SMAPE=40.9601
    -> Client CA_1_HOUSEHOLD_2 personalized head metrics: RMSE=4.0638, SMAPE=44.5747
    -> Client CA_3_HOUSEHOLD_2 personalized head metrics: RMSE=6.5473, SMAPE=34.9493
    -> Client WI_3_FOODS_1 personalized head metrics: RMSE=34.4614, SMAPE=61.1415
    -> Client WI_1_HOUSEHOLD_1 personalized head metrics: RMSE=22.6727, SMAPE=44.0441
    -> Client WI_1_FOODS_2 personalized head metrics: RMSE=33.4501, SMAPE=57.6637
    -> Client WI_2_FOODS_1 personalized head metrics: RMSE=49.1131, SMAPE=65.9297
    -> Client TX_2_HOUSEHOLD_1 personalized head metrics: RMSE=77.3254, SMAPE=45.5463
    -> Client WI_2_FOODS_3 personalized head metrics: RMSE=88.6250, SMAPE=43.9667
    -> Client CA_4_FOODS_3 personalized head metrics: RMSE=30.8960, SMAPE=37.3397
    -> Client WI_1_FOODS_3 personalized head metrics: RMSE=27.5929, SMAPE=16.3628
    -> Client TX_1_FOODS_3 personalized head metrics: RMSE=52.6402, SMAPE=43.7896
    -> Client TX_2_HOUSEHOLD_2 personalized head metrics: RMSE=5.5772, SMAPE=43.9841
    -> Client TX_2_FOODS_3 personalized head metrics: RMSE=49.7752, SMAPE=33.6370
    -> Client WI_3_HOBBIES_2 personalized head metrics: RMSE=6.1583, SMAPE=110.1862
    -> Client WI_2_HOUSEHOLD_1 personalized head metrics: RMSE=49.1292, SMAPE=35.5985
    -> Client CA_2_FOODS_1 personalized head metrics: RMSE=43.5932, SMAPE=38.4637
    -> Client WI_2_HOBBIES_2 personalized head metrics: RMSE=7.5074, SMAPE=122.2567
    -> Client CA_4_HOBBIES_2 personalized head metrics: RMSE=6.1140, SMAPE=119.7172
    -> Client CA_4_HOBBIES_1 personalized head metrics: RMSE=20.2660, SMAPE=48.6950
    -> Client TX_3_HOBBIES_2 personalized head metrics: RMSE=11.5901, SMAPE=120.6999
    -> Client CA_1_HOBBIES_1 personalized head metrics: RMSE=32.4922, SMAPE=56.2853
    -> Client CA_1_HOBBIES_2 personalized head metrics: RMSE=9.9829, SMAPE=105.3058
    -> Client TX_2_FOODS_1 personalized head metrics: RMSE=63.3707, SMAPE=39.0841
    -> Client TX_1_HOUSEHOLD_1 personalized head metrics: RMSE=34.0666, SMAPE=36.9589
    -> Client CA_4_FOODS_2 personalized head metrics: RMSE=15.1402, SMAPE=51.4168
    -> Client CA_2_HOUSEHOLD_2 personalized head metrics: RMSE=5.4491, SMAPE=42.4747
    -> Client CA_2_HOUSEHOLD_1 personalized head metrics: RMSE=29.8962, SMAPE=41.9906
    -> Client WI_1_HOBBIES_2 personalized head metrics: RMSE=6.3780, SMAPE=125.9757
    -> Client CA_3_HOUSEHOLD_1 personalized head metrics: RMSE=44.6870, SMAPE=33.6610
    -> Client TX_2_FOODS_2 personalized head metrics: RMSE=28.9169, SMAPE=41.9101
    -> Client CA_3_HOBBIES_1 personalized head metrics: RMSE=35.0205, SMAPE=52.3601
    -> Client TX_1_HOBBIES_2 personalized head metrics: RMSE=5.6594, SMAPE=113.9702
    -> Client WI_3_HOUSEHOLD_2 personalized head metrics: RMSE=3.5714, SMAPE=47.9982
    -> Client CA_2_HOBBIES_2 personalized head metrics: RMSE=9.8685, SMAPE=86.2126
    -> Client CA_2_FOODS_3 personalized head metrics: RMSE=36.4719, SMAPE=38.6255
    -> Client CA_4_HOUSEHOLD_1 personalized head metrics: RMSE=6.9148, SMAPE=48.0795
    -> Client CA_2_FOODS_2 personalized head metrics: RMSE=15.2829, SMAPE=56.3130
    -> Client TX_1_FOODS_2 personalized head metrics: RMSE=17.7556, SMAPE=72.4209
    -> Client CA_4_HOUSEHOLD_2 personalized head metrics: RMSE=2.9490, SMAPE=46.3073
    -> Client CA_2_HOBBIES_1 personalized head metrics: RMSE=18.3082, SMAPE=56.4891
    -> Client WI_1_HOBBIES_1 personalized head metrics: RMSE=18.9476, SMAPE=51.7538
    -> Client TX_1_HOUSEHOLD_2 personalized head metrics: RMSE=24.6790, SMAPE=58.3913
    -> Client TX_3_FOODS_1 personalized head metrics: RMSE=37.3096, SMAPE=45.6751
    -> Client TX_3_HOBBIES_1 personalized head metrics: RMSE=24.6310, SMAPE=62.0331
    -> Client WI_3_FOODS_3 personalized head metrics: RMSE=53.1766, SMAPE=16.4181
    -> Client CA_1_HOUSEHOLD_1 personalized head metrics: RMSE=20.0712, SMAPE=34.2611
    -> Client TX_3_FOODS_3 personalized head metrics: RMSE=31.5055, SMAPE=17.7332

FL Training Complete.

No isolated clients to process.
[PA-CFL] RMSE: 28.9743, SMAPE: 56.0856
Saving all models to /home/imes-server6/ryu/model/outputs/models...
All model weights saved successfully.

=== Generating Visualizations ===
Visualization saved to /home/imes-server6/ryu/model/outputs/baseline_comparison.png
Feature selection info saved to /home/imes-server6/ryu/model/outputs/feature_selection.json
